3.4411 	INFO 	Loaded monitor calibration from ['2019_07_30 17:30']
3.4466 	WARNING 	User requested fullscreen with size [1280 1024], but screen is actually [2560, 1440]. Using actual size
4.4114 	EXP 	Created window1 = Window(allowGUI=True, allowStencil=False, args=UNKNOWN, autoLog=True, bitsMode=UNKNOWN, blendMode='avg', color=array([-0.9, -0.9, -0.9]), colorSpace='rgb', fullscr=<method-wrapper '__getattribute__' of attributeSetter object at 0x7fa68900f780>, gamma=None, kwargs=UNKNOWN, lms=UNKNOWN, monitor=<psychopy.monitors.calibTools.Monitor object at 0x7fa682a40908>, multiSample=False, name='window1', numSamples=2, pos=[0.0, 0.0], screen=1, size=array([2560, 1440]), stereo=False, units='pix', useFBO=False, useRetina=False, viewOri=0.0, viewPos=None, viewScale=None, waitBlanking=True, winType='pyglet')
4.4115 	INFO 	Mouse: using default window
4.5473 	EXP 	Created unnamed TextStim = TextStim(__class__=<class 'psychopy.visual.text.TextStim'>, alignHoriz='center', alignVert='center', antialias=True, autoLog=True, bold=False, color=array([0.85, 0.85, 0.85]), colorSpace='rgb', contrast=1.0, depth=0, flipHoriz=False, flipVert=False, font='', fontFiles=[], height=20, italic=False, languageStyle='LTR', name='unnamed TextStim', opacity=1.0, ori=0.0, pos=array([0., 0.]), rgb=array([0.85, 0.85, 0.85]), text=str(...), units='pix', win=Window(...), wrapWidth=2560)
4.5685 	EXP 	Created unnamed TextStim = TextStim(__class__=<class 'psychopy.visual.text.TextStim'>, alignHoriz='center', alignVert='center', antialias=True, autoLog=True, bold=False, color=array([0.85, 0.85, 0.85]), colorSpace='rgb', contrast=1.0, depth=0, flipHoriz=False, flipVert=False, font='', fontFiles=[], height=20, italic=False, languageStyle='LTR', name='unnamed TextStim', opacity=1.0, ori=0.0, pos=array([0., 0.]), rgb=array([0.85, 0.85, 0.85]), text=str(...), units='pix', win=Window(...), wrapWidth=2560)
4.5820 	EXP 	Created unnamed TextStim = TextStim(__class__=<class 'psychopy.visual.text.TextStim'>, alignHoriz='center', alignVert='center', antialias=True, autoLog=True, bold=False, color=array([0.85, 0.85, 0.85]), colorSpace='rgb', contrast=1.0, depth=0, flipHoriz=False, flipVert=False, font='', fontFiles=[], height=20, italic=False, languageStyle='LTR', name='unnamed TextStim', opacity=1.0, ori=0.0, pos=array([0., 0.]), rgb=array([0.85, 0.85, 0.85]), text=str(...), units='pix', win=Window(...), wrapWidth=2560)
4.6068 	EXP 	Created unnamed ImageStim = ImageStim(__class__=<class 'psychopy.visual.image.ImageStim'>, autoLog=True, color=array([1., 1., 1.]), colorSpace='rgb', contrast=-1.0, depth=0, flipHoriz=False, flipVert=False, image='smiley.png', interpolate=False, mask=None, maskParams=None, name='unnamed ImageStim', opacity=1.0, ori=0.0, pos=array([0., 0.]), size=array([100, 100]), texRes=128, units='pix', win=Window(...))
4.6089 	EXP 	Created unnamed ImageStim = ImageStim(__class__=<class 'psychopy.visual.image.ImageStim'>, autoLog=True, color=array([1., 1., 1.]), colorSpace='rgb', contrast=-1.0, depth=0, flipHoriz=False, flipVert=False, image='frowny.png', interpolate=False, mask=None, maskParams=None, name='unnamed ImageStim', opacity=1.0, ori=0.0, pos=array([0., 0.]), size=array([100, 100]), texRes=128, units='pix', win=Window(...))
4.6109 	EXP 	Created unnamed Rect = Rect(__class__=<class 'psychopy.visual.rect.Rect'>, autoDraw=False, autoLog=True, closeShape=True, color=method-wrapper(...), colorSpace=None, contrast=1.0, depth=0, fillColor=array([0.85, 0.85, 0.85]), fillColorSpace='rgb', fillRGB=array([0.85, 0.85, 0.85]), interpolate=True, lineColor=array([0.85, 0.85, 0.85]), lineColorSpace='rgb', lineRGB=array([0.85, 0.85, 0.85]), lineWidth=1.5, name='unnamed Rect', opacity=1.0, ori=array(0.), pos=array([-500., -200.]), size=array([1., 1.]), units='pix', vertices=ndarray(...), win=Window(...))
4.6123 	EXP 	Created unnamed Rect = Rect(__class__=<class 'psychopy.visual.rect.Rect'>, autoDraw=False, autoLog=True, closeShape=True, color=method-wrapper(...), colorSpace=None, contrast=1.0, depth=0, fillColor=array([0.85, 0.85, 0.85]), fillColorSpace='rgb', fillRGB=array([0.85, 0.85, 0.85]), interpolate=True, lineColor=array([0.85, 0.85, 0.85]), lineColorSpace='rgb', lineRGB=array([0.85, 0.85, 0.85]), lineWidth=1.5, name='unnamed Rect', opacity=1.0, ori=array(0.), pos=array([-500., -200.]), size=array([1., 1.]), units='pix', vertices=ndarray(...), win=Window(...))
4.6137 	EXP 	Created unnamed Rect = Rect(__class__=<class 'psychopy.visual.rect.Rect'>, autoDraw=False, autoLog=True, closeShape=True, color=method-wrapper(...), colorSpace=None, contrast=1.0, depth=0, fillColor=array([0.85, 0.85, 0.85]), fillColorSpace='rgb', fillRGB=array([0.85, 0.85, 0.85]), interpolate=True, lineColor=array([0.85, 0.85, 0.85]), lineColorSpace='rgb', lineRGB=array([0.85, 0.85, 0.85]), lineWidth=1.5, name='unnamed Rect', opacity=1.0, ori=array(0.), pos=array([ 500., -200.]), size=array([1., 1.]), units='pix', vertices=ndarray(...), win=Window(...))
4.6196 	EXP 	Created unnamed ImageStim = ImageStim(__class__=<class 'psychopy.visual.image.ImageStim'>, autoLog=True, color=array([1., 1., 1.]), colorSpace='rgb', contrast=1.0, depth=0, flipHoriz=False, flipVert=False, image='screening_set2/m4-410-a-v1.tif', interpolate=False, mask=None, maskParams=None, name='unnamed ImageStim', opacity=1.0, ori=0.0, pos=array([0., 0.]), size=array([240., 270.]), texRes=128, units='pix', win=Window(...))
4.6224 	EXP 	Created unnamed Circle = Circle(__class__=<class 'psychopy.visual.circle.Circle'>, autoDraw=False, autoLog=True, closeShape=True, color=method-wrapper(...), colorSpace=None, contrast=1.0, depth=0, fillColor='white', fillColorSpace='named', fillRGB=array([255., 255., 255.]), interpolate=True, lineColor='white', lineColorSpace='named', lineRGB=array([255., 255., 255.]), lineWidth=1.5, name='unnamed Circle', opacity=1.0, ori=array(0.), pos=array([0., 0.]), size=array([24., 24.]), units='pix', vertices=ndarray(...), win=Window(...))
4.6251 	EXP 	Created unnamed Rect = Rect(__class__=<class 'psychopy.visual.rect.Rect'>, autoDraw=False, autoLog=True, closeShape=True, color=method-wrapper(...), colorSpace=None, contrast=1.0, depth=0, fillColor=array([-0.9, -0.9, -0.9]), fillColorSpace='rgb', fillRGB=array([-0.9, -0.9, -0.9]), interpolate=True, lineColor=array([-0.9, -0.9, -0.9]), lineColorSpace='rgb', lineRGB=array([-0.9, -0.9, -0.9]), lineWidth=1.5, name='unnamed Rect', opacity=1.0, ori=array(0.), pos=array([0., 0.]), size=array([1., 1.]), units='pix', vertices=ndarray(...), win=Window(...))
4.6268 	EXP 	Created unnamed Rect = Rect(__class__=<class 'psychopy.visual.rect.Rect'>, autoDraw=False, autoLog=True, closeShape=True, color=method-wrapper(...), colorSpace=None, contrast=1.0, depth=0, fillColor=array([-0.9, -0.9, -0.9]), fillColorSpace='rgb', fillRGB=array([-0.9, -0.9, -0.9]), interpolate=True, lineColor=array([-0.9, -0.9, -0.9]), lineColorSpace='rgb', lineRGB=array([-0.9, -0.9, -0.9]), lineWidth=1.5, name='unnamed Rect', opacity=1.0, ori=array(0.), pos=array([0., 0.]), size=array([1., 1.]), units='pix', vertices=ndarray(...), win=Window(...))
4.6287 	EXP 	Created unnamed Circle = Circle(__class__=<class 'psychopy.visual.circle.Circle'>, autoDraw=False, autoLog=True, closeShape=True, color=method-wrapper(...), colorSpace=None, contrast=1.0, depth=0, fillColor='white', fillColorSpace='named', fillRGB=array([255., 255., 255.]), interpolate=True, lineColor='white', lineColorSpace='named', lineRGB=array([255., 255., 255.]), lineWidth=1.5, name='unnamed Circle', opacity=1.0, ori=array(0.), pos=array([0., 0.]), size=array([4., 4.]), units='pix', vertices=ndarray(...), win=Window(...))
4.6481 	EXP 	unnamed ImageStim: image = 'screening_set2/m4-410-a-v1.tif'
5.6291 	DATA 	Keypress: space
6.3270 	EXP 	unnamed Rect: vertices = <class 'numpy.ndarray'>
6.3270 	EXP 	unnamed Rect: width = 15.0
6.8628 	EXP 	unnamed ImageStim: image = 'screening_set2/m5-56-a-v1.tif'
8.7351 	EXP 	unnamed Rect: vertices = <class 'numpy.ndarray'>
8.7351 	EXP 	unnamed Rect: width = 20.0
9.2570 	EXP 	unnamed ImageStim: image = 'screening_set2/m5-53-a-v1.tif'
10.9909 	EXP 	unnamed Rect: vertices = <class 'numpy.ndarray'>
10.9909 	EXP 	unnamed Rect: width = 15.0
11.5191 	EXP 	unnamed ImageStim: image = 'screening_set2/m4-47-a-v1.tif'
14.7037 	EXP 	unnamed Rect: vertices = <class 'numpy.ndarray'>
14.7037 	EXP 	unnamed Rect: width = 20.0
15.2240 	EXP 	unnamed ImageStim: image = 'screening_set2/m4-42-a-v1.tif'
18.9623 	EXP 	unnamed ImageStim: image = 'screening_set2/m5-52-a-v1.tif'
20.8924 	EXP 	unnamed Rect: vertices = <class 'numpy.ndarray'>
20.8924 	EXP 	unnamed Rect: width = 15.0
21.2369 	DATA 	Keypress: w
21.2370 	DATA 	Keypress: q
21.4229 	EXP 	window1: mouseVisible = True
