2.7823 	INFO 	Loaded monitor calibration from ['2019_07_30 17:30']
2.7876 	WARNING 	User requested fullscreen with size [1280 1024], but screen is actually [2560, 1440]. Using actual size
3.5310 	EXP 	Created window1 = Window(allowGUI=True, allowStencil=False, args=UNKNOWN, autoLog=True, bitsMode=UNKNOWN, blendMode='avg', color=array([-0.9, -0.9, -0.9]), colorSpace='rgb', fullscr=<method-wrapper '__getattribute__' of attributeSetter object at 0x7f78580e3c18>, gamma=None, kwargs=UNKNOWN, lms=UNKNOWN, monitor=<psychopy.monitors.calibTools.Monitor object at 0x7f784ae82a90>, multiSample=False, name='window1', numSamples=2, pos=[0.0, 0.0], screen=1, size=array([2560, 1440]), stereo=False, units='pix', useFBO=False, useRetina=False, viewOri=0.0, viewPos=None, viewScale=None, waitBlanking=True, winType='pyglet')
3.5311 	INFO 	Mouse: using default window
3.6395 	EXP 	Created unnamed TextStim = TextStim(__class__=<class 'psychopy.visual.text.TextStim'>, alignHoriz='center', alignVert='center', antialias=True, autoLog=True, bold=False, color=array([0.85, 0.85, 0.85]), colorSpace='rgb', contrast=1.0, depth=0, flipHoriz=False, flipVert=False, font='', fontFiles=[], height=20, italic=False, languageStyle='LTR', name='unnamed TextStim', opacity=1.0, ori=0.0, pos=array([0., 0.]), rgb=array([0.85, 0.85, 0.85]), text=str(...), units='pix', win=Window(...), wrapWidth=2560)
3.6538 	EXP 	Created unnamed TextStim = TextStim(__class__=<class 'psychopy.visual.text.TextStim'>, alignHoriz='center', alignVert='center', antialias=True, autoLog=True, bold=False, color=array([0.85, 0.85, 0.85]), colorSpace='rgb', contrast=1.0, depth=0, flipHoriz=False, flipVert=False, font='', fontFiles=[], height=20, italic=False, languageStyle='LTR', name='unnamed TextStim', opacity=1.0, ori=0.0, pos=array([0., 0.]), rgb=array([0.85, 0.85, 0.85]), text=str(...), units='pix', win=Window(...), wrapWidth=2560)
3.6634 	EXP 	Created unnamed TextStim = TextStim(__class__=<class 'psychopy.visual.text.TextStim'>, alignHoriz='center', alignVert='center', antialias=True, autoLog=True, bold=False, color=array([0.85, 0.85, 0.85]), colorSpace='rgb', contrast=1.0, depth=0, flipHoriz=False, flipVert=False, font='', fontFiles=[], height=20, italic=False, languageStyle='LTR', name='unnamed TextStim', opacity=1.0, ori=0.0, pos=array([0., 0.]), rgb=array([0.85, 0.85, 0.85]), text=str(...), units='pix', win=Window(...), wrapWidth=2560)
3.6852 	EXP 	Created unnamed ImageStim = ImageStim(__class__=<class 'psychopy.visual.image.ImageStim'>, autoLog=True, color=array([1., 1., 1.]), colorSpace='rgb', contrast=-1.0, depth=0, flipHoriz=False, flipVert=False, image='smiley.png', interpolate=False, mask=None, maskParams=None, name='unnamed ImageStim', opacity=1.0, ori=0.0, pos=array([0., 0.]), size=array([100, 100]), texRes=128, units='pix', win=Window(...))
3.6869 	EXP 	Created unnamed ImageStim = ImageStim(__class__=<class 'psychopy.visual.image.ImageStim'>, autoLog=True, color=array([1., 1., 1.]), colorSpace='rgb', contrast=-1.0, depth=0, flipHoriz=False, flipVert=False, image='frowny.png', interpolate=False, mask=None, maskParams=None, name='unnamed ImageStim', opacity=1.0, ori=0.0, pos=array([0., 0.]), size=array([100, 100]), texRes=128, units='pix', win=Window(...))
3.6885 	EXP 	Created unnamed Rect = Rect(__class__=<class 'psychopy.visual.rect.Rect'>, autoDraw=False, autoLog=True, closeShape=True, color=method-wrapper(...), colorSpace=None, contrast=1.0, depth=0, fillColor=array([0.85, 0.85, 0.85]), fillColorSpace='rgb', fillRGB=array([0.85, 0.85, 0.85]), interpolate=True, lineColor=array([0.85, 0.85, 0.85]), lineColorSpace='rgb', lineRGB=array([0.85, 0.85, 0.85]), lineWidth=1.5, name='unnamed Rect', opacity=1.0, ori=array(0.), pos=array([-500., -200.]), size=array([1., 1.]), units='pix', vertices=ndarray(...), win=Window(...))
3.6897 	EXP 	Created unnamed Rect = Rect(__class__=<class 'psychopy.visual.rect.Rect'>, autoDraw=False, autoLog=True, closeShape=True, color=method-wrapper(...), colorSpace=None, contrast=1.0, depth=0, fillColor=array([0.85, 0.85, 0.85]), fillColorSpace='rgb', fillRGB=array([0.85, 0.85, 0.85]), interpolate=True, lineColor=array([0.85, 0.85, 0.85]), lineColorSpace='rgb', lineRGB=array([0.85, 0.85, 0.85]), lineWidth=1.5, name='unnamed Rect', opacity=1.0, ori=array(0.), pos=array([-500., -200.]), size=array([1., 1.]), units='pix', vertices=ndarray(...), win=Window(...))
3.6908 	EXP 	Created unnamed Rect = Rect(__class__=<class 'psychopy.visual.rect.Rect'>, autoDraw=False, autoLog=True, closeShape=True, color=method-wrapper(...), colorSpace=None, contrast=1.0, depth=0, fillColor=array([0.85, 0.85, 0.85]), fillColorSpace='rgb', fillRGB=array([0.85, 0.85, 0.85]), interpolate=True, lineColor=array([0.85, 0.85, 0.85]), lineColorSpace='rgb', lineRGB=array([0.85, 0.85, 0.85]), lineWidth=1.5, name='unnamed Rect', opacity=1.0, ori=array(0.), pos=array([ 500., -200.]), size=array([1., 1.]), units='pix', vertices=ndarray(...), win=Window(...))
3.6935 	EXP 	Created unnamed ImageStim = ImageStim(__class__=<class 'psychopy.visual.image.ImageStim'>, autoLog=True, color=array([1., 1., 1.]), colorSpace='rgb', contrast=1.0, depth=0, flipHoriz=False, flipVert=False, image='screening_set2/m4-410-a-v1.tif', interpolate=False, mask=None, maskParams=None, name='unnamed ImageStim', opacity=1.0, ori=0.0, pos=array([0., 0.]), size=array([240., 270.]), texRes=128, units='pix', win=Window(...))
3.6958 	EXP 	Created unnamed Circle = Circle(__class__=<class 'psychopy.visual.circle.Circle'>, autoDraw=False, autoLog=True, closeShape=True, color=method-wrapper(...), colorSpace=None, contrast=1.0, depth=0, fillColor='white', fillColorSpace='named', fillRGB=array([255., 255., 255.]), interpolate=True, lineColor='white', lineColorSpace='named', lineRGB=array([255., 255., 255.]), lineWidth=1.5, name='unnamed Circle', opacity=1.0, ori=array(0.), pos=array([0., 0.]), size=array([24., 24.]), units='pix', vertices=ndarray(...), win=Window(...))
3.6970 	EXP 	Created unnamed Rect = Rect(__class__=<class 'psychopy.visual.rect.Rect'>, autoDraw=False, autoLog=True, closeShape=True, color=method-wrapper(...), colorSpace=None, contrast=1.0, depth=0, fillColor=array([-0.9, -0.9, -0.9]), fillColorSpace='rgb', fillRGB=array([-0.9, -0.9, -0.9]), interpolate=True, lineColor=array([-0.9, -0.9, -0.9]), lineColorSpace='rgb', lineRGB=array([-0.9, -0.9, -0.9]), lineWidth=1.5, name='unnamed Rect', opacity=1.0, ori=array(0.), pos=array([0., 0.]), size=array([1., 1.]), units='pix', vertices=ndarray(...), win=Window(...))
3.6981 	EXP 	Created unnamed Rect = Rect(__class__=<class 'psychopy.visual.rect.Rect'>, autoDraw=False, autoLog=True, closeShape=True, color=method-wrapper(...), colorSpace=None, contrast=1.0, depth=0, fillColor=array([-0.9, -0.9, -0.9]), fillColorSpace='rgb', fillRGB=array([-0.9, -0.9, -0.9]), interpolate=True, lineColor=array([-0.9, -0.9, -0.9]), lineColorSpace='rgb', lineRGB=array([-0.9, -0.9, -0.9]), lineWidth=1.5, name='unnamed Rect', opacity=1.0, ori=array(0.), pos=array([0., 0.]), size=array([1., 1.]), units='pix', vertices=ndarray(...), win=Window(...))
3.6997 	EXP 	Created unnamed Circle = Circle(__class__=<class 'psychopy.visual.circle.Circle'>, autoDraw=False, autoLog=True, closeShape=True, color=method-wrapper(...), colorSpace=None, contrast=1.0, depth=0, fillColor='white', fillColorSpace='named', fillRGB=array([255., 255., 255.]), interpolate=True, lineColor='white', lineColorSpace='named', lineRGB=array([255., 255., 255.]), lineWidth=1.5, name='unnamed Circle', opacity=1.0, ori=array(0.), pos=array([0., 0.]), size=array([4., 4.]), units='pix', vertices=ndarray(...), win=Window(...))
4.2926 	DATA 	Keypress: space
4.2969 	EXP 	unnamed ImageStim: image = 'screening_set2/m4-48-a-v1.tif'
8.2912 	EXP 	unnamed ImageStim: image = 'screening_set2/m5-53-a-v1.tif'
9.7662 	DATA 	Keypress: m
9.7697 	EXP 	unnamed Rect: vertices = <class 'numpy.ndarray'>
9.7697 	EXP 	unnamed Rect: width = 15.0
10.2802 	EXP 	unnamed ImageStim: image = 'screening_set2/m5-55-a-v1.tif'
12.4525 	DATA 	Keypress: m
12.4546 	EXP 	unnamed Rect: vertices = <class 'numpy.ndarray'>
12.4546 	EXP 	unnamed Rect: width = 10.0
12.9655 	EXP 	unnamed ImageStim: image = 'screening_set2/m4-47-a-v1.tif'
14.4534 	DATA 	Keypress: m
14.4585 	EXP 	unnamed Rect: vertices = <class 'numpy.ndarray'>
14.4585 	EXP 	unnamed Rect: width = 15.0
14.9710 	EXP 	unnamed ImageStim: image = 'screening_set2/m5-56-a-v1.tif'
17.0125 	DATA 	Keypress: m
17.0143 	EXP 	unnamed Rect: vertices = <class 'numpy.ndarray'>
17.0143 	EXP 	unnamed Rect: width = 20.0
17.5245 	EXP 	unnamed ImageStim: image = 'screening_set2/m4-42-a-v1.tif'
18.9485 	DATA 	Keypress: m
18.9535 	EXP 	unnamed Rect: vertices = <class 'numpy.ndarray'>
18.9535 	EXP 	unnamed Rect: width = 25.0
19.4644 	EXP 	unnamed ImageStim: image = 'screening_set2/m4-410-a-v1.tif'
21.3965 	DATA 	Keypress: m
21.3983 	EXP 	unnamed Rect: vertices = <class 'numpy.ndarray'>
21.3983 	EXP 	unnamed Rect: width = 20.0
21.9108 	EXP 	unnamed ImageStim: image = 'screening_set2/m5-52-a-v1.tif'
22.8767 	DATA 	Keypress: q
22.8770 	DATA 	Keypress: q
23.1248 	DATA 	Keypress: q
23.4604 	DATA 	Keypress: q
23.7644 	DATA 	Keypress: q
25.5407 	DATA 	Keypress: q
25.5956 	EXP 	window1: mouseVisible = True
