2.7905 	INFO 	Loaded monitor calibration from ['2019_07_30 17:30']
2.7923 	WARNING 	Requested an unavailable screen number - using first available.
2.7925 	WARNING 	User requested fullscreen with size [1280 1024], but screen is actually [1920, 1080]. Using actual size
3.4554 	EXP 	Created window1 = Window(allowGUI=True, allowStencil=False, args=UNKNOWN, autoLog=True, bitsMode=UNKNOWN, blendMode='avg', color=array([-0.9, -0.9, -0.9]), colorSpace='rgb', fullscr=<method-wrapper '__getattribute__' of attributeSetter object at 0x7f4d8c0c8b70>, gamma=None, kwargs=UNKNOWN, lms=UNKNOWN, monitor=<psychopy.monitors.calibTools.Monitor object at 0x7f4d7ee65898>, multiSample=False, name='window1', numSamples=2, pos=[0.0, 0.0], screen=1, size=array([1920, 1080]), stereo=False, units='pix', useFBO=False, useRetina=False, viewOri=0.0, viewPos=None, viewScale=None, waitBlanking=True, winType='pyglet')
3.4555 	INFO 	Mouse: using default window
3.5244 	EXP 	Created unnamed TextStim = TextStim(__class__=<class 'psychopy.visual.text.TextStim'>, alignHoriz='center', alignVert='center', antialias=True, autoLog=True, bold=False, color=array([0.85, 0.85, 0.85]), colorSpace='rgb', contrast=1.0, depth=0, flipHoriz=False, flipVert=False, font='', fontFiles=[], height=20, italic=False, languageStyle='LTR', name='unnamed TextStim', opacity=1.0, ori=0.0, pos=array([0., 0.]), rgb=array([0.85, 0.85, 0.85]), text=str(...), units='pix', win=Window(...), wrapWidth=1920)
3.5382 	EXP 	Created unnamed TextStim = TextStim(__class__=<class 'psychopy.visual.text.TextStim'>, alignHoriz='center', alignVert='center', antialias=True, autoLog=True, bold=False, color=array([0.85, 0.85, 0.85]), colorSpace='rgb', contrast=1.0, depth=0, flipHoriz=False, flipVert=False, font='', fontFiles=[], height=20, italic=False, languageStyle='LTR', name='unnamed TextStim', opacity=1.0, ori=0.0, pos=array([0., 0.]), rgb=array([0.85, 0.85, 0.85]), text=str(...), units='pix', win=Window(...), wrapWidth=1920)
3.5476 	EXP 	Created unnamed TextStim = TextStim(__class__=<class 'psychopy.visual.text.TextStim'>, alignHoriz='center', alignVert='center', antialias=True, autoLog=True, bold=False, color=array([0.85, 0.85, 0.85]), colorSpace='rgb', contrast=1.0, depth=0, flipHoriz=False, flipVert=False, font='', fontFiles=[], height=20, italic=False, languageStyle='LTR', name='unnamed TextStim', opacity=1.0, ori=0.0, pos=array([0., 0.]), rgb=array([0.85, 0.85, 0.85]), text=str(...), units='pix', win=Window(...), wrapWidth=1920)
3.5722 	EXP 	Created unnamed ImageStim = ImageStim(__class__=<class 'psychopy.visual.image.ImageStim'>, autoLog=True, color=array([1., 1., 1.]), colorSpace='rgb', contrast=-1.0, depth=0, flipHoriz=False, flipVert=False, image='smiley.png', interpolate=False, mask=None, maskParams=None, name='unnamed ImageStim', opacity=1.0, ori=0.0, pos=array([0., 0.]), size=array([100, 100]), texRes=128, units='pix', win=Window(...))
3.5739 	EXP 	Created unnamed ImageStim = ImageStim(__class__=<class 'psychopy.visual.image.ImageStim'>, autoLog=True, color=array([1., 1., 1.]), colorSpace='rgb', contrast=-1.0, depth=0, flipHoriz=False, flipVert=False, image='frowny.png', interpolate=False, mask=None, maskParams=None, name='unnamed ImageStim', opacity=1.0, ori=0.0, pos=array([0., 0.]), size=array([100, 100]), texRes=128, units='pix', win=Window(...))
3.5755 	EXP 	Created unnamed Rect = Rect(__class__=<class 'psychopy.visual.rect.Rect'>, autoDraw=False, autoLog=True, closeShape=True, color=method-wrapper(...), colorSpace=None, contrast=1.0, depth=0, fillColor=array([0.85, 0.85, 0.85]), fillColorSpace='rgb', fillRGB=array([0.85, 0.85, 0.85]), interpolate=True, lineColor=array([0.85, 0.85, 0.85]), lineColorSpace='rgb', lineRGB=array([0.85, 0.85, 0.85]), lineWidth=1.5, name='unnamed Rect', opacity=1.0, ori=array(0.), pos=array([-500., -200.]), size=array([1., 1.]), units='pix', vertices=ndarray(...), win=Window(...))
3.5767 	EXP 	Created unnamed Rect = Rect(__class__=<class 'psychopy.visual.rect.Rect'>, autoDraw=False, autoLog=True, closeShape=True, color=method-wrapper(...), colorSpace=None, contrast=1.0, depth=0, fillColor=array([0.85, 0.85, 0.85]), fillColorSpace='rgb', fillRGB=array([0.85, 0.85, 0.85]), interpolate=True, lineColor=array([0.85, 0.85, 0.85]), lineColorSpace='rgb', lineRGB=array([0.85, 0.85, 0.85]), lineWidth=1.5, name='unnamed Rect', opacity=1.0, ori=array(0.), pos=array([-500., -200.]), size=array([1., 1.]), units='pix', vertices=ndarray(...), win=Window(...))
3.5778 	EXP 	Created unnamed Rect = Rect(__class__=<class 'psychopy.visual.rect.Rect'>, autoDraw=False, autoLog=True, closeShape=True, color=method-wrapper(...), colorSpace=None, contrast=1.0, depth=0, fillColor=array([0.85, 0.85, 0.85]), fillColorSpace='rgb', fillRGB=array([0.85, 0.85, 0.85]), interpolate=True, lineColor=array([0.85, 0.85, 0.85]), lineColorSpace='rgb', lineRGB=array([0.85, 0.85, 0.85]), lineWidth=1.5, name='unnamed Rect', opacity=1.0, ori=array(0.), pos=array([ 500., -200.]), size=array([1., 1.]), units='pix', vertices=ndarray(...), win=Window(...))
3.5804 	EXP 	Created unnamed ImageStim = ImageStim(__class__=<class 'psychopy.visual.image.ImageStim'>, autoLog=True, color=array([1., 1., 1.]), colorSpace='rgb', contrast=1.0, depth=0, flipHoriz=False, flipVert=False, image='screening_set2/m4-410-a-v1.tif', interpolate=False, mask=None, maskParams=None, name='unnamed ImageStim', opacity=1.0, ori=0.0, pos=array([0., 0.]), size=array([240., 270.]), texRes=128, units='pix', win=Window(...))
3.5826 	EXP 	Created unnamed Circle = Circle(__class__=<class 'psychopy.visual.circle.Circle'>, autoDraw=False, autoLog=True, closeShape=True, color=method-wrapper(...), colorSpace=None, contrast=1.0, depth=0, fillColor='white', fillColorSpace='named', fillRGB=array([255., 255., 255.]), interpolate=True, lineColor='white', lineColorSpace='named', lineRGB=array([255., 255., 255.]), lineWidth=1.5, name='unnamed Circle', opacity=1.0, ori=array(0.), pos=array([0., 0.]), size=array([24., 24.]), units='pix', vertices=ndarray(...), win=Window(...))
3.5838 	EXP 	Created unnamed Rect = Rect(__class__=<class 'psychopy.visual.rect.Rect'>, autoDraw=False, autoLog=True, closeShape=True, color=method-wrapper(...), colorSpace=None, contrast=1.0, depth=0, fillColor=array([-0.9, -0.9, -0.9]), fillColorSpace='rgb', fillRGB=array([-0.9, -0.9, -0.9]), interpolate=True, lineColor=array([-0.9, -0.9, -0.9]), lineColorSpace='rgb', lineRGB=array([-0.9, -0.9, -0.9]), lineWidth=1.5, name='unnamed Rect', opacity=1.0, ori=array(0.), pos=array([0., 0.]), size=array([1., 1.]), units='pix', vertices=ndarray(...), win=Window(...))
3.5850 	EXP 	Created unnamed Rect = Rect(__class__=<class 'psychopy.visual.rect.Rect'>, autoDraw=False, autoLog=True, closeShape=True, color=method-wrapper(...), colorSpace=None, contrast=1.0, depth=0, fillColor=array([-0.9, -0.9, -0.9]), fillColorSpace='rgb', fillRGB=array([-0.9, -0.9, -0.9]), interpolate=True, lineColor=array([-0.9, -0.9, -0.9]), lineColorSpace='rgb', lineRGB=array([-0.9, -0.9, -0.9]), lineWidth=1.5, name='unnamed Rect', opacity=1.0, ori=array(0.), pos=array([0., 0.]), size=array([1., 1.]), units='pix', vertices=ndarray(...), win=Window(...))
3.5865 	EXP 	Created unnamed Circle = Circle(__class__=<class 'psychopy.visual.circle.Circle'>, autoDraw=False, autoLog=True, closeShape=True, color=method-wrapper(...), colorSpace=None, contrast=1.0, depth=0, fillColor='white', fillColorSpace='named', fillRGB=array([255., 255., 255.]), interpolate=True, lineColor='white', lineColorSpace='named', lineRGB=array([255., 255., 255.]), lineWidth=1.5, name='unnamed Circle', opacity=1.0, ori=array(0.), pos=array([0., 0.]), size=array([4., 4.]), units='pix', vertices=ndarray(...), win=Window(...))
3.6038 	EXP 	unnamed ImageStim: image = 'screening_set2/m5-52-a-v1.tif'
6.8904 	EXP 	unnamed Rect: vertices = <class 'numpy.ndarray'>
6.8904 	EXP 	unnamed Rect: width = 5.0
6.8904 	EXP 	unnamed Rect: vertices = <class 'numpy.ndarray'>
6.8904 	EXP 	unnamed Rect: width = 10
7.4043 	EXP 	unnamed ImageStim: image = 'screening_set2/m5-56-a-v1.tif'
9.2030 	EXP 	unnamed Rect: vertices = <class 'numpy.ndarray'>
9.2030 	EXP 	unnamed Rect: width = 5.0
9.2030 	EXP 	unnamed Rect: vertices = <class 'numpy.ndarray'>
9.2030 	EXP 	unnamed Rect: width = 10
9.7105 	EXP 	unnamed ImageStim: image = 'screening_set2/m4-48-a-v1.tif'
13.1767 	EXP 	unnamed Rect: vertices = <class 'numpy.ndarray'>
13.1767 	EXP 	unnamed Rect: width = 5.0
13.1767 	EXP 	unnamed Rect: vertices = <class 'numpy.ndarray'>
13.1767 	EXP 	unnamed Rect: width = 10
13.6842 	EXP 	unnamed ImageStim: image = 'screening_set2/m4-410-a-v1.tif'
16.8310 	DATA 	Keypress: q
17.5533 	EXP 	window1: mouseVisible = True
