3.7583 	INFO 	Loaded monitor calibration from ['2019_07_30 17:30']
3.7643 	WARNING 	User requested fullscreen with size [1280 1024], but screen is actually [2560, 1440]. Using actual size
5.9883 	EXP 	Created window1 = Window(allowGUI=True, allowStencil=False, args=UNKNOWN, autoLog=True, bitsMode=UNKNOWN, blendMode='avg', color=array([-0.9, -0.9, -0.9]), colorSpace='rgb', fullscr=<method-wrapper '__getattribute__' of attributeSetter object at 0x7fd7afac9748>, gamma=None, kwargs=UNKNOWN, lms=UNKNOWN, monitor=<psychopy.monitors.calibTools.Monitor object at 0x7fd7a836c588>, multiSample=False, name='window1', numSamples=2, pos=[0.0, 0.0], screen=1, size=array([2560, 1440]), stereo=False, units='pix', useFBO=False, useRetina=False, viewOri=0.0, viewPos=None, viewScale=None, waitBlanking=True, winType='pyglet')
5.9884 	INFO 	Mouse: using default window
6.1110 	EXP 	Created unnamed TextStim = TextStim(__class__=<class 'psychopy.visual.text.TextStim'>, alignHoriz='center', alignVert='center', antialias=True, autoLog=True, bold=False, color=array([0.85, 0.85, 0.85]), colorSpace='rgb', contrast=1.0, depth=0, flipHoriz=False, flipVert=False, font='', fontFiles=[], height=20, italic=False, languageStyle='LTR', name='unnamed TextStim', opacity=1.0, ori=0.0, pos=array([0., 0.]), rgb=array([0.85, 0.85, 0.85]), text=str(...), units='pix', win=Window(...), wrapWidth=2560)
6.1363 	EXP 	Created unnamed TextStim = TextStim(__class__=<class 'psychopy.visual.text.TextStim'>, alignHoriz='center', alignVert='center', antialias=True, autoLog=True, bold=False, color=array([0.85, 0.85, 0.85]), colorSpace='rgb', contrast=1.0, depth=0, flipHoriz=False, flipVert=False, font='', fontFiles=[], height=20, italic=False, languageStyle='LTR', name='unnamed TextStim', opacity=1.0, ori=0.0, pos=array([0., 0.]), rgb=array([0.85, 0.85, 0.85]), text=str(...), units='pix', win=Window(...), wrapWidth=2560)
6.1494 	EXP 	Created unnamed TextStim = TextStim(__class__=<class 'psychopy.visual.text.TextStim'>, alignHoriz='center', alignVert='center', antialias=True, autoLog=True, bold=False, color=array([0.85, 0.85, 0.85]), colorSpace='rgb', contrast=1.0, depth=0, flipHoriz=False, flipVert=False, font='', fontFiles=[], height=20, italic=False, languageStyle='LTR', name='unnamed TextStim', opacity=1.0, ori=0.0, pos=array([0., 0.]), rgb=array([0.85, 0.85, 0.85]), text=str(...), units='pix', win=Window(...), wrapWidth=2560)
6.1736 	EXP 	Created unnamed ImageStim = ImageStim(__class__=<class 'psychopy.visual.image.ImageStim'>, autoLog=True, color=array([1., 1., 1.]), colorSpace='rgb', contrast=-1.0, depth=0, flipHoriz=False, flipVert=False, image='smiley.png', interpolate=False, mask=None, maskParams=None, name='unnamed ImageStim', opacity=1.0, ori=0.0, pos=array([0., 0.]), size=array([100, 100]), texRes=128, units='pix', win=Window(...))
6.1755 	EXP 	Created unnamed ImageStim = ImageStim(__class__=<class 'psychopy.visual.image.ImageStim'>, autoLog=True, color=array([1., 1., 1.]), colorSpace='rgb', contrast=-1.0, depth=0, flipHoriz=False, flipVert=False, image='frowny.png', interpolate=False, mask=None, maskParams=None, name='unnamed ImageStim', opacity=1.0, ori=0.0, pos=array([0., 0.]), size=array([100, 100]), texRes=128, units='pix', win=Window(...))
6.1774 	EXP 	Created unnamed Rect = Rect(__class__=<class 'psychopy.visual.rect.Rect'>, autoDraw=False, autoLog=True, closeShape=True, color=method-wrapper(...), colorSpace=None, contrast=1.0, depth=0, fillColor=array([0.85, 0.85, 0.85]), fillColorSpace='rgb', fillRGB=array([0.85, 0.85, 0.85]), interpolate=True, lineColor=array([0.85, 0.85, 0.85]), lineColorSpace='rgb', lineRGB=array([0.85, 0.85, 0.85]), lineWidth=1.5, name='unnamed Rect', opacity=1.0, ori=array(0.), pos=array([-500., -200.]), size=array([1., 1.]), units='pix', vertices=ndarray(...), win=Window(...))
6.1789 	EXP 	Created unnamed Rect = Rect(__class__=<class 'psychopy.visual.rect.Rect'>, autoDraw=False, autoLog=True, closeShape=True, color=method-wrapper(...), colorSpace=None, contrast=1.0, depth=0, fillColor=array([0.85, 0.85, 0.85]), fillColorSpace='rgb', fillRGB=array([0.85, 0.85, 0.85]), interpolate=True, lineColor=array([0.85, 0.85, 0.85]), lineColorSpace='rgb', lineRGB=array([0.85, 0.85, 0.85]), lineWidth=1.5, name='unnamed Rect', opacity=1.0, ori=array(0.), pos=array([-500., -200.]), size=array([1., 1.]), units='pix', vertices=ndarray(...), win=Window(...))
6.1804 	EXP 	Created unnamed Rect = Rect(__class__=<class 'psychopy.visual.rect.Rect'>, autoDraw=False, autoLog=True, closeShape=True, color=method-wrapper(...), colorSpace=None, contrast=1.0, depth=0, fillColor=array([0.85, 0.85, 0.85]), fillColorSpace='rgb', fillRGB=array([0.85, 0.85, 0.85]), interpolate=True, lineColor=array([0.85, 0.85, 0.85]), lineColorSpace='rgb', lineRGB=array([0.85, 0.85, 0.85]), lineWidth=1.5, name='unnamed Rect', opacity=1.0, ori=array(0.), pos=array([ 500., -200.]), size=array([1., 1.]), units='pix', vertices=ndarray(...), win=Window(...))
6.1845 	EXP 	Created unnamed ImageStim = ImageStim(__class__=<class 'psychopy.visual.image.ImageStim'>, autoLog=True, color=array([1., 1., 1.]), colorSpace='rgb', contrast=1.0, depth=0, flipHoriz=False, flipVert=False, image='screening_set2/m4-410-a-v1.tif', interpolate=False, mask=None, maskParams=None, name='unnamed ImageStim', opacity=1.0, ori=0.0, pos=array([0., 0.]), size=array([240., 270.]), texRes=128, units='pix', win=Window(...))
6.1871 	EXP 	Created unnamed Circle = Circle(__class__=<class 'psychopy.visual.circle.Circle'>, autoDraw=False, autoLog=True, closeShape=True, color=method-wrapper(...), colorSpace=None, contrast=1.0, depth=0, fillColor='white', fillColorSpace='named', fillRGB=array([255., 255., 255.]), interpolate=True, lineColor='white', lineColorSpace='named', lineRGB=array([255., 255., 255.]), lineWidth=1.5, name='unnamed Circle', opacity=1.0, ori=array(0.), pos=array([0., 0.]), size=array([24., 24.]), units='pix', vertices=ndarray(...), win=Window(...))
6.1885 	EXP 	Created unnamed Rect = Rect(__class__=<class 'psychopy.visual.rect.Rect'>, autoDraw=False, autoLog=True, closeShape=True, color=method-wrapper(...), colorSpace=None, contrast=1.0, depth=0, fillColor=array([-0.9, -0.9, -0.9]), fillColorSpace='rgb', fillRGB=array([-0.9, -0.9, -0.9]), interpolate=True, lineColor=array([-0.9, -0.9, -0.9]), lineColorSpace='rgb', lineRGB=array([-0.9, -0.9, -0.9]), lineWidth=1.5, name='unnamed Rect', opacity=1.0, ori=array(0.), pos=array([0., 0.]), size=array([1., 1.]), units='pix', vertices=ndarray(...), win=Window(...))
6.1898 	EXP 	Created unnamed Rect = Rect(__class__=<class 'psychopy.visual.rect.Rect'>, autoDraw=False, autoLog=True, closeShape=True, color=method-wrapper(...), colorSpace=None, contrast=1.0, depth=0, fillColor=array([-0.9, -0.9, -0.9]), fillColorSpace='rgb', fillRGB=array([-0.9, -0.9, -0.9]), interpolate=True, lineColor=array([-0.9, -0.9, -0.9]), lineColorSpace='rgb', lineRGB=array([-0.9, -0.9, -0.9]), lineWidth=1.5, name='unnamed Rect', opacity=1.0, ori=array(0.), pos=array([0., 0.]), size=array([1., 1.]), units='pix', vertices=ndarray(...), win=Window(...))
6.1916 	EXP 	Created unnamed Circle = Circle(__class__=<class 'psychopy.visual.circle.Circle'>, autoDraw=False, autoLog=True, closeShape=True, color=method-wrapper(...), colorSpace=None, contrast=1.0, depth=0, fillColor='white', fillColorSpace='named', fillRGB=array([255., 255., 255.]), interpolate=True, lineColor='white', lineColorSpace='named', lineRGB=array([255., 255., 255.]), lineWidth=1.5, name='unnamed Circle', opacity=1.0, ori=array(0.), pos=array([0., 0.]), size=array([4., 4.]), units='pix', vertices=ndarray(...), win=Window(...))
6.4689 	DATA 	Keypress: space
6.4756 	EXP 	unnamed ImageStim: image = 'screening_set2/m5-52-a-v1.tif'
10.0694 	EXP 	unnamed ImageStim: image = 'screening_set2/m5-53-a-v1.tif'
11.5563 	DATA 	Keypress: m
11.5598 	EXP 	unnamed Rect: vertices = <class 'numpy.ndarray'>
11.5598 	EXP 	unnamed Rect: width = 15.0
12.0891 	EXP 	unnamed ImageStim: image = 'screening_set2/m5-56-a-v1.tif'
13.6834 	DATA 	Keypress: m
13.6902 	EXP 	unnamed Rect: vertices = <class 'numpy.ndarray'>
13.6902 	EXP 	unnamed Rect: width = 10.0
14.2112 	EXP 	unnamed ImageStim: image = 'screening_set2/m4-42-a-v1.tif'
16.0351 	DATA 	Keypress: m
16.0371 	EXP 	unnamed Rect: vertices = <class 'numpy.ndarray'>
16.0371 	EXP 	unnamed Rect: width = 5.0
16.0371 	EXP 	unnamed Rect: vertices = <class 'numpy.ndarray'>
16.0371 	EXP 	unnamed Rect: width = 10
16.5634 	EXP 	unnamed ImageStim: image = 'screening_set2/m4-48-a-v1.tif'
18.4352 	DATA 	Keypress: m
18.4372 	EXP 	unnamed Rect: vertices = <class 'numpy.ndarray'>
18.4372 	EXP 	unnamed Rect: width = 15.0
18.9589 	EXP 	unnamed ImageStim: image = 'screening_set2/m4-410-a-v1.tif'
20.4193 	DATA 	Keypress: m
20.4226 	EXP 	unnamed Rect: vertices = <class 'numpy.ndarray'>
20.4226 	EXP 	unnamed Rect: width = 10.0
20.9528 	EXP 	unnamed ImageStim: image = 'screening_set2/m4-47-a-v1.tif'
22.2135 	DATA 	Keypress: m
22.2202 	EXP 	unnamed Rect: vertices = <class 'numpy.ndarray'>
22.2202 	EXP 	unnamed Rect: width = 15.0
22.7469 	EXP 	unnamed ImageStim: image = 'screening_set2/m5-55-a-v1.tif'
24.6275 	DATA 	Keypress: m
24.6358 	EXP 	unnamed Rect: vertices = <class 'numpy.ndarray'>
24.6358 	EXP 	unnamed Rect: width = 20.0
25.1514 	EXP 	unnamed ImageStim: image = 'screening_set2/m5-52-a-v1.tif'
26.9632 	DATA 	Keypress: m
26.9686 	EXP 	unnamed Rect: vertices = <class 'numpy.ndarray'>
26.9686 	EXP 	unnamed Rect: width = 15.0
27.4969 	EXP 	unnamed ImageStim: image = 'screening_set2/m4-48-a-v1.tif'
31.5463 	EXP 	unnamed ImageStim: image = 'screening_set2/m5-56-a-v1.tif'
35.1455 	EXP 	unnamed ImageStim: image = 'screening_set2/m5-55-a-v1.tif'
37.2193 	DATA 	Keypress: m
37.2212 	EXP 	unnamed Rect: vertices = <class 'numpy.ndarray'>
37.2212 	EXP 	unnamed Rect: width = 20.0
37.7403 	EXP 	unnamed ImageStim: image = 'screening_set2/m5-53-a-v1.tif'
38.7879 	DATA 	Keypress: q
41.5061 	EXP 	unnamed ImageStim: image = 'screening_set2/m4-410-a-v1.tif'
42.5991 	DATA 	Keypress: q
45.3208 	EXP 	unnamed ImageStim: image = 'screening_set2/m4-47-a-v1.tif'
46.3250 	DATA 	Keypress: q
48.8136 	DATA 	Keypress: q
49.0716 	EXP 	window1: mouseVisible = True
