5.6955 	INFO 	Loaded monitor calibration from ['2019_12_03 18:24']
5.6973 	WARNING 	Requested an unavailable screen number - using first available.
6.4272 	EXP 	Created window1 = Window(allowGUI=True, allowStencil=False, args=UNKNOWN, autoLog=True, bitsMode=UNKNOWN, blendMode='avg', color=array([-0.9, -0.9, -0.9]), colorSpace='rgb', fullscr=<method-wrapper '__getattribute__' of attributeSetter object at 0x7f382422dcc0>, gamma=None, kwargs=UNKNOWN, lms=UNKNOWN, monitor=<psychopy.monitors.calibTools.Monitor object at 0x7f3814202748>, multiSample=False, name='window1', numSamples=2, pos=[0.0, 0.0], screen=1, size=array([1280, 1024]), stereo=False, units='pix', useFBO=False, useRetina=False, viewOri=0.0, viewPos=None, viewScale=None, waitBlanking=True, winType='pyglet')
6.4273 	INFO 	Mouse: using default window
6.5232 	EXP 	Created unnamed TextStim = TextStim(__class__=<class 'psychopy.visual.text.TextStim'>, alignHoriz='center', alignVert='center', antialias=True, autoLog=True, bold=False, color=array([0.85, 0.85, 0.85]), colorSpace='rgb', contrast=1.0, depth=0, flipHoriz=False, flipVert=False, font='', fontFiles=[], height=20, italic=False, languageStyle='LTR', name='unnamed TextStim', opacity=1.0, ori=0.0, pos=array([0., 0.]), rgb=array([0.85, 0.85, 0.85]), text=str(...), units='pix', win=Window(...), wrapWidth=1280)
6.5482 	EXP 	Created unnamed TextStim = TextStim(__class__=<class 'psychopy.visual.text.TextStim'>, alignHoriz='center', alignVert='center', antialias=True, autoLog=True, bold=False, color=array([0.85, 0.85, 0.85]), colorSpace='rgb', contrast=1.0, depth=0, flipHoriz=False, flipVert=False, font='', fontFiles=[], height=20, italic=False, languageStyle='LTR', name='unnamed TextStim', opacity=1.0, ori=0.0, pos=array([0., 0.]), rgb=array([0.85, 0.85, 0.85]), text=str(...), units='pix', win=Window(...), wrapWidth=1280)
6.5640 	EXP 	Created unnamed TextStim = TextStim(__class__=<class 'psychopy.visual.text.TextStim'>, alignHoriz='center', alignVert='center', antialias=True, autoLog=True, bold=False, color=array([0.85, 0.85, 0.85]), colorSpace='rgb', contrast=1.0, depth=0, flipHoriz=False, flipVert=False, font='', fontFiles=[], height=20, italic=False, languageStyle='LTR', name='unnamed TextStim', opacity=1.0, ori=0.0, pos=array([0., 0.]), rgb=array([0.85, 0.85, 0.85]), text=str(...), units='pix', win=Window(...), wrapWidth=1280)
6.5867 	EXP 	Created unnamed ImageStim = ImageStim(__class__=<class 'psychopy.visual.image.ImageStim'>, autoLog=True, color=array([1., 1., 1.]), colorSpace='rgb', contrast=-1.0, depth=0, flipHoriz=False, flipVert=False, image='smiley.png', interpolate=False, mask=None, maskParams=None, name='unnamed ImageStim', opacity=1.0, ori=0.0, pos=array([0., 0.]), size=array([100, 100]), texRes=128, units='pix', win=Window(...))
6.5890 	EXP 	Created unnamed ImageStim = ImageStim(__class__=<class 'psychopy.visual.image.ImageStim'>, autoLog=True, color=array([1., 1., 1.]), colorSpace='rgb', contrast=-1.0, depth=0, flipHoriz=False, flipVert=False, image='frowny.png', interpolate=False, mask=None, maskParams=None, name='unnamed ImageStim', opacity=1.0, ori=0.0, pos=array([0., 0.]), size=array([100, 100]), texRes=128, units='pix', win=Window(...))
6.5914 	EXP 	Created unnamed Rect = Rect(__class__=<class 'psychopy.visual.rect.Rect'>, autoDraw=False, autoLog=True, closeShape=True, color=method-wrapper(...), colorSpace=None, contrast=1.0, depth=0, fillColor=array([0.85, 0.85, 0.85]), fillColorSpace='rgb', fillRGB=array([0.85, 0.85, 0.85]), interpolate=True, lineColor=array([0.85, 0.85, 0.85]), lineColorSpace='rgb', lineRGB=array([0.85, 0.85, 0.85]), lineWidth=1.5, name='unnamed Rect', opacity=1.0, ori=array(0.), pos=array([-500., -200.]), size=array([1., 1.]), units='pix', vertices=ndarray(...), win=Window(...))
6.5933 	EXP 	Created unnamed Rect = Rect(__class__=<class 'psychopy.visual.rect.Rect'>, autoDraw=False, autoLog=True, closeShape=True, color=method-wrapper(...), colorSpace=None, contrast=1.0, depth=0, fillColor=array([0.85, 0.85, 0.85]), fillColorSpace='rgb', fillRGB=array([0.85, 0.85, 0.85]), interpolate=True, lineColor=array([0.85, 0.85, 0.85]), lineColorSpace='rgb', lineRGB=array([0.85, 0.85, 0.85]), lineWidth=1.5, name='unnamed Rect', opacity=1.0, ori=array(0.), pos=array([-500., -200.]), size=array([1., 1.]), units='pix', vertices=ndarray(...), win=Window(...))
6.5952 	EXP 	Created unnamed Rect = Rect(__class__=<class 'psychopy.visual.rect.Rect'>, autoDraw=False, autoLog=True, closeShape=True, color=method-wrapper(...), colorSpace=None, contrast=1.0, depth=0, fillColor=array([0.85, 0.85, 0.85]), fillColorSpace='rgb', fillRGB=array([0.85, 0.85, 0.85]), interpolate=True, lineColor=array([0.85, 0.85, 0.85]), lineColorSpace='rgb', lineRGB=array([0.85, 0.85, 0.85]), lineWidth=1.5, name='unnamed Rect', opacity=1.0, ori=array(0.), pos=array([ 500., -200.]), size=array([1., 1.]), units='pix', vertices=ndarray(...), win=Window(...))
6.5995 	EXP 	Created unnamed ImageStim = ImageStim(__class__=<class 'psychopy.visual.image.ImageStim'>, autoLog=True, color=array([1., 1., 1.]), colorSpace='rgb', contrast=1.0, depth=0, flipHoriz=False, flipVert=False, image='meg_set1/m1-12-v1.tif', interpolate=False, mask=None, maskParams=None, name='unnamed ImageStim', opacity=1.0, ori=0.0, pos=array([0., 0.]), size=array([240., 270.]), texRes=128, units='pix', win=Window(...))
6.6033 	EXP 	Created unnamed Circle = Circle(__class__=<class 'psychopy.visual.circle.Circle'>, autoDraw=False, autoLog=True, closeShape=True, color=method-wrapper(...), colorSpace=None, contrast=1.0, depth=0, fillColor='white', fillColorSpace='named', fillRGB=array([255., 255., 255.]), interpolate=True, lineColor='white', lineColorSpace='named', lineRGB=array([255., 255., 255.]), lineWidth=1.5, name='unnamed Circle', opacity=1.0, ori=array(0.), pos=array([0., 0.]), size=array([24., 24.]), units='pix', vertices=ndarray(...), win=Window(...))
6.6051 	EXP 	Created unnamed Rect = Rect(__class__=<class 'psychopy.visual.rect.Rect'>, autoDraw=False, autoLog=True, closeShape=True, color=method-wrapper(...), colorSpace=None, contrast=1.0, depth=0, fillColor=array([-0.9, -0.9, -0.9]), fillColorSpace='rgb', fillRGB=array([-0.9, -0.9, -0.9]), interpolate=True, lineColor=array([-0.9, -0.9, -0.9]), lineColorSpace='rgb', lineRGB=array([-0.9, -0.9, -0.9]), lineWidth=1.5, name='unnamed Rect', opacity=1.0, ori=array(0.), pos=array([0., 0.]), size=array([1., 1.]), units='pix', vertices=ndarray(...), win=Window(...))
6.6069 	EXP 	Created unnamed Rect = Rect(__class__=<class 'psychopy.visual.rect.Rect'>, autoDraw=False, autoLog=True, closeShape=True, color=method-wrapper(...), colorSpace=None, contrast=1.0, depth=0, fillColor=array([-0.9, -0.9, -0.9]), fillColorSpace='rgb', fillRGB=array([-0.9, -0.9, -0.9]), interpolate=True, lineColor=array([-0.9, -0.9, -0.9]), lineColorSpace='rgb', lineRGB=array([-0.9, -0.9, -0.9]), lineWidth=1.5, name='unnamed Rect', opacity=1.0, ori=array(0.), pos=array([0., 0.]), size=array([1., 1.]), units='pix', vertices=ndarray(...), win=Window(...))
6.6099 	EXP 	Created unnamed Circle = Circle(__class__=<class 'psychopy.visual.circle.Circle'>, autoDraw=False, autoLog=True, closeShape=True, color=method-wrapper(...), colorSpace=None, contrast=1.0, depth=0, fillColor='white', fillColorSpace='named', fillRGB=array([255., 255., 255.]), interpolate=True, lineColor='white', lineColorSpace='named', lineRGB=array([255., 255., 255.]), lineWidth=1.5, name='unnamed Circle', opacity=1.0, ori=array(0.), pos=array([0., 0.]), size=array([4., 4.]), units='pix', vertices=ndarray(...), win=Window(...))
6.9997 	DATA 	Keypress: space
7.0596 	EXP 	unnamed ImageStim: image = 'meg_set1/m2-24-v1.tif'
10.6752 	EXP 	unnamed ImageStim: image = 'meg_set1/m1-12-v1.tif'
14.1075 	EXP 	unnamed ImageStim: image = 'meg_set1/m1-16-v1.tif'
17.8730 	EXP 	unnamed ImageStim: image = 'meg_set1/m2-23-v1.tif'
21.1387 	EXP 	unnamed ImageStim: image = 'meg_set1/m3-31-v1.tif'
24.7543 	EXP 	unnamed ImageStim: image = 'meg_set1/m2-21-v1.tif'
28.2532 	EXP 	unnamed ImageStim: image = 'meg_set1/m1-13-v1.tif'
31.7022 	EXP 	unnamed ImageStim: image = 'meg_set1/m3-35-v1.tif'
35.1012 	EXP 	unnamed ImageStim: image = 'meg_set1/m1-14-v1.tif'
38.4169 	EXP 	unnamed ImageStim: image = 'meg_set1/m3-36-v1.tif'
41.8991 	EXP 	unnamed ImageStim: image = 'meg_set1/m3-33-v1.tif'
45.3314 	EXP 	unnamed ImageStim: image = 'meg_set1/m2-22-v1.tif'
48.7137 	EXP 	unnamed ImageStim: image = 'meg_set1/m2-24-v1.tif'
52.2294 	EXP 	unnamed ImageStim: image = 'meg_set1/m1-13-v1.tif'
55.9283 	EXP 	unnamed ImageStim: image = 'meg_set1/m2-23-v1.tif'
59.2439 	EXP 	unnamed ImageStim: image = 'meg_set1/m2-22-v1.tif'
62.8595 	EXP 	unnamed ImageStim: image = 'meg_set1/m3-31-v1.tif'
66.6250 	EXP 	unnamed ImageStim: image = 'meg_set1/m2-21-v1.tif'
69.8740 	EXP 	unnamed ImageStim: image = 'meg_set1/m3-36-v1.tif'
73.2230 	EXP 	unnamed ImageStim: image = 'meg_set1/m1-14-v1.tif'
76.7220 	EXP 	unnamed ImageStim: image = 'meg_set1/m3-35-v1.tif'
80.2876 	EXP 	unnamed ImageStim: image = 'meg_set1/m1-16-v1.tif'
83.9032 	EXP 	unnamed ImageStim: image = 'meg_set1/m3-33-v1.tif'
87.2022 	EXP 	unnamed ImageStim: image = 'meg_set1/m1-12-v1.tif'
90.9677 	EXP 	unnamed ImageStim: image = 'meg_set1/m1-13-v1.tif'
94.6832 	EXP 	unnamed ImageStim: image = 'meg_set1/m2-21-v1.tif'
97.9989 	EXP 	unnamed ImageStim: image = 'meg_set1/m2-23-v1.tif'
101.2979 	EXP 	unnamed ImageStim: image = 'meg_set1/m1-12-v1.tif'
104.6636 	EXP 	unnamed ImageStim: image = 'meg_set1/m3-31-v1.tif'
108.4291 	EXP 	unnamed ImageStim: image = 'meg_set1/m3-33-v1.tif'
111.6948 	EXP 	unnamed ImageStim: image = 'meg_set1/m3-35-v1.tif'
115.2604 	EXP 	unnamed ImageStim: image = 'meg_set1/m1-14-v1.tif'
118.8926 	EXP 	unnamed ImageStim: image = 'meg_set1/m1-16-v1.tif'
122.3416 	EXP 	unnamed ImageStim: image = 'meg_set1/m3-36-v1.tif'
125.5739 	EXP 	unnamed ImageStim: image = 'meg_set1/m2-22-v1.tif'
129.1229 	EXP 	unnamed ImageStim: image = 'meg_set1/m2-24-v1.tif'
132.6385 	EXP 	unnamed ImageStim: image = 'meg_set1/m2-24-v1.tif'
136.4207 	EXP 	unnamed ImageStim: image = 'meg_set1/m3-36-v1.tif'
139.7697 	EXP 	unnamed ImageStim: image = 'meg_set1/m2-21-v1.tif'
143.4519 	EXP 	unnamed ImageStim: image = 'meg_set1/m3-31-v1.tif'
146.8845 	EXP 	unnamed ImageStim: image = 'meg_set1/m3-35-v1.tif'
150.4170 	EXP 	unnamed ImageStim: image = 'meg_set1/m1-16-v1.tif'
154.1326 	EXP 	unnamed ImageStim: image = 'meg_set1/m1-13-v1.tif'
157.4647 	EXP 	unnamed ImageStim: image = 'meg_set1/m2-22-v1.tif'
160.6473 	EXP 	unnamed ImageStim: image = 'meg_set1/m3-33-v1.tif'
164.1623 	EXP 	unnamed ImageStim: image = 'meg_set1/m2-23-v1.tif'
167.8114 	EXP 	unnamed ImageStim: image = 'meg_set1/m1-12-v1.tif'
171.1937 	EXP 	unnamed ImageStim: image = 'meg_set1/m1-14-v1.tif'
174.6426 	EXP 	unnamed ImageStim: image = 'meg_set1/m2-24-v1.tif'
178.0581 	EXP 	unnamed ImageStim: image = 'meg_set1/m1-13-v1.tif'
181.3238 	EXP 	unnamed ImageStim: image = 'meg_set1/m3-36-v1.tif'
185.0895 	EXP 	unnamed ImageStim: image = 'meg_set1/m3-33-v1.tif'
188.3555 	EXP 	unnamed ImageStim: image = 'meg_set1/m2-21-v1.tif'
192.0043 	EXP 	unnamed ImageStim: image = 'meg_set1/m1-14-v1.tif'
195.3696 	EXP 	unnamed ImageStim: image = 'meg_set1/m2-23-v1.tif'
199.0021 	EXP 	unnamed ImageStim: image = 'meg_set1/m1-16-v1.tif'
202.6674 	EXP 	unnamed ImageStim: image = 'meg_set1/m3-31-v1.tif'
206.1170 	EXP 	unnamed ImageStim: image = 'meg_set1/m2-22-v1.tif'
209.6986 	EXP 	unnamed ImageStim: image = 'meg_set1/m1-12-v1.tif'
213.0314 	EXP 	unnamed ImageStim: image = 'meg_set1/m3-35-v1.tif'
216.8298 	EXP 	unnamed ImageStim: image = 'meg_set1/m2-21-v1.tif'
220.0621 	EXP 	unnamed ImageStim: image = 'meg_set1/m3-33-v1.tif'
223.5444 	EXP 	unnamed ImageStim: image = 'meg_set1/m3-31-v1.tif'
226.7939 	EXP 	unnamed ImageStim: image = 'meg_set1/m1-13-v1.tif'
230.4757 	EXP 	unnamed ImageStim: image = 'meg_set1/m1-16-v1.tif'
234.1246 	EXP 	unnamed ImageStim: image = 'meg_set1/m3-36-v1.tif'
237.7068 	EXP 	unnamed ImageStim: image = 'meg_set1/m3-35-v1.tif'
241.4398 	EXP 	unnamed ImageStim: image = 'meg_set1/m2-24-v1.tif'
245.0049 	EXP 	unnamed ImageStim: image = 'meg_set1/m1-12-v1.tif'
248.6040 	EXP 	unnamed ImageStim: image = 'meg_set1/m2-22-v1.tif'
252.3024 	EXP 	unnamed ImageStim: image = 'meg_set1/m2-23-v1.tif'
255.4852 	EXP 	unnamed ImageStim: image = 'meg_set1/m1-14-v1.tif'
258.7672 	EXP 	unnamed ImageStim: image = 'meg_set1/m3-33-v1.tif'
262.1828 	EXP 	unnamed ImageStim: image = 'meg_set1/m2-24-v1.tif'
265.7651 	EXP 	unnamed ImageStim: image = 'meg_set1/m3-31-v1.tif'
269.2640 	EXP 	unnamed ImageStim: image = 'meg_set1/m1-14-v1.tif'
272.6796 	EXP 	unnamed ImageStim: image = 'meg_set1/m3-36-v1.tif'
275.8787 	EXP 	unnamed ImageStim: image = 'meg_set1/m1-12-v1.tif'
279.4776 	EXP 	unnamed ImageStim: image = 'meg_set1/m3-35-v1.tif'
282.7599 	EXP 	unnamed ImageStim: image = 'meg_set1/m2-22-v1.tif'
286.4088 	EXP 	unnamed ImageStim: image = 'meg_set1/m1-13-v1.tif'
289.9244 	EXP 	unnamed ImageStim: image = 'meg_set1/m2-23-v1.tif'
293.2734 	EXP 	unnamed ImageStim: image = 'meg_set1/m2-21-v1.tif'
296.9223 	EXP 	unnamed ImageStim: image = 'meg_set1/m1-16-v1.tif'
300.6212 	EXP 	unnamed ImageStim: image = 'meg_set1/m3-31-v1.tif'
304.0702 	EXP 	unnamed ImageStim: image = 'meg_set1/m2-21-v1.tif'
307.4692 	EXP 	unnamed ImageStim: image = 'meg_set1/m3-36-v1.tif'
311.1680 	EXP 	unnamed ImageStim: image = 'meg_set1/m1-16-v1.tif'
314.7836 	EXP 	unnamed ImageStim: image = 'meg_set1/m2-22-v1.tif'
318.2992 	EXP 	unnamed ImageStim: image = 'meg_set1/m3-33-v1.tif'
321.8148 	EXP 	unnamed ImageStim: image = 'meg_set1/m3-35-v1.tif'
325.3638 	EXP 	unnamed ImageStim: image = 'meg_set1/m2-23-v1.tif'
329.0293 	EXP 	unnamed ImageStim: image = 'meg_set1/m2-24-v1.tif'
332.6782 	EXP 	unnamed ImageStim: image = 'meg_set1/m1-12-v1.tif'
336.0772 	EXP 	unnamed ImageStim: image = 'meg_set1/m1-13-v1.tif'
339.5928 	EXP 	unnamed ImageStim: image = 'meg_set1/m1-14-v1.tif'
343.1251 	EXP 	unnamed ImageStim: image = 'meg_set1/m1-16-v1.tif'
346.4407 	EXP 	unnamed ImageStim: image = 'meg_set1/m1-12-v1.tif'
349.8064 	EXP 	unnamed ImageStim: image = 'meg_set1/m1-14-v1.tif'
353.5219 	EXP 	unnamed ImageStim: image = 'meg_set1/m3-33-v1.tif'
356.8043 	EXP 	unnamed ImageStim: image = 'meg_set1/m2-22-v1.tif'
360.3032 	EXP 	unnamed ImageStim: image = 'meg_set1/m1-13-v1.tif'
363.9855 	EXP 	unnamed ImageStim: image = 'meg_set1/m3-36-v1.tif'
367.2178 	EXP 	unnamed ImageStim: image = 'meg_set1/m2-23-v1.tif'
370.6501 	EXP 	unnamed ImageStim: image = 'meg_set1/m3-31-v1.tif'
374.3657 	EXP 	unnamed ImageStim: image = 'meg_set1/m2-24-v1.tif'
377.8646 	EXP 	unnamed ImageStim: image = 'meg_set1/m2-21-v1.tif'
381.1136 	EXP 	unnamed ImageStim: image = 'meg_set1/m3-35-v1.tif'
496.1301 	DATA 	Keypress: space
496.1790 	EXP 	unnamed ImageStim: image = 'meg_set1/m1-12-v1.tif'
499.6612 	EXP 	unnamed ImageStim: image = 'meg_set1/m2-24-v1.tif'
503.1269 	EXP 	unnamed ImageStim: image = 'meg_set1/m1-14-v1.tif'
506.6258 	EXP 	unnamed ImageStim: image = 'meg_set1/m3-31-v1.tif'
510.1081 	EXP 	unnamed ImageStim: image = 'meg_set1/m1-16-v1.tif'
513.5904 	EXP 	unnamed ImageStim: image = 'meg_set1/m3-35-v1.tif'
517.0060 	EXP 	unnamed ImageStim: image = 'meg_set1/m3-33-v1.tif'
520.3217 	EXP 	unnamed ImageStim: image = 'meg_set1/m2-22-v1.tif'
523.5207 	EXP 	unnamed ImageStim: image = 'meg_set1/m2-23-v1.tif'
527.0197 	EXP 	unnamed ImageStim: image = 'meg_set1/m1-13-v1.tif'
530.4686 	EXP 	unnamed ImageStim: image = 'meg_set1/m2-21-v1.tif'
534.0842 	EXP 	unnamed ImageStim: image = 'meg_set1/m3-36-v1.tif'
537.7997 	EXP 	unnamed ImageStim: image = 'meg_set1/m3-36-v1.tif'
541.0155 	EXP 	unnamed ImageStim: image = 'meg_set1/m2-24-v1.tif'
544.7310 	EXP 	unnamed ImageStim: image = 'meg_set1/m1-16-v1.tif'
548.4632 	EXP 	unnamed ImageStim: image = 'meg_set1/m3-35-v1.tif'
551.9955 	EXP 	unnamed ImageStim: image = 'meg_set1/m1-12-v1.tif'
555.1779 	EXP 	unnamed ImageStim: image = 'meg_set1/m1-13-v1.tif'
558.3935 	EXP 	unnamed ImageStim: image = 'meg_set1/m3-33-v1.tif'
562.1424 	EXP 	unnamed ImageStim: image = 'meg_set1/m3-31-v1.tif'
565.3914 	EXP 	unnamed ImageStim: image = 'meg_set1/m2-22-v1.tif'
568.7238 	EXP 	unnamed ImageStim: image = 'meg_set1/m1-14-v1.tif'
572.0061 	EXP 	unnamed ImageStim: image = 'meg_set1/m2-23-v1.tif'
575.7717 	EXP 	unnamed ImageStim: image = 'meg_set1/m2-21-v1.tif'
579.0706 	EXP 	unnamed ImageStim: image = 'meg_set1/m2-24-v1.tif'
582.4030 	EXP 	unnamed ImageStim: image = 'meg_set1/m3-35-v1.tif'
585.9686 	EXP 	unnamed ImageStim: image = 'meg_set1/m3-36-v1.tif'
589.5508 	EXP 	unnamed ImageStim: image = 'meg_set1/m3-31-v1.tif'
593.2664 	EXP 	unnamed ImageStim: image = 'meg_set1/m2-23-v1.tif'
596.5321 	EXP 	unnamed ImageStim: image = 'meg_set1/m1-12-v1.tif'
599.8311 	EXP 	unnamed ImageStim: image = 'meg_set1/m2-21-v1.tif'
603.2967 	EXP 	unnamed ImageStim: image = 'meg_set1/m1-14-v1.tif'
606.5291 	EXP 	unnamed ImageStim: image = 'meg_set1/m2-22-v1.tif'
609.8780 	EXP 	unnamed ImageStim: image = 'meg_set1/m1-13-v1.tif'
613.5936 	EXP 	unnamed ImageStim: image = 'meg_set1/m1-16-v1.tif'
616.8426 	EXP 	unnamed ImageStim: image = 'meg_set1/m3-33-v1.tif'
620.0583 	EXP 	unnamed ImageStim: image = 'meg_set1/m1-12-v1.tif'
623.7905 	EXP 	unnamed ImageStim: image = 'meg_set1/m2-22-v1.tif'
627.1562 	EXP 	unnamed ImageStim: image = 'meg_set1/m2-23-v1.tif'
630.6551 	EXP 	unnamed ImageStim: image = 'meg_set1/m1-14-v1.tif'
633.9874 	EXP 	unnamed ImageStim: image = 'meg_set1/m2-21-v1.tif'
637.5030 	EXP 	unnamed ImageStim: image = 'meg_set1/m3-31-v1.tif'
640.9353 	EXP 	unnamed ImageStim: image = 'meg_set1/m1-13-v1.tif'
644.4676 	EXP 	unnamed ImageStim: image = 'meg_set1/m3-33-v1.tif'
647.6500 	EXP 	unnamed ImageStim: image = 'meg_set1/m1-16-v1.tif'
650.9323 	EXP 	unnamed ImageStim: image = 'meg_set1/m3-36-v1.tif'
654.6312 	EXP 	unnamed ImageStim: image = 'meg_set1/m2-24-v1.tif'
658.2468 	EXP 	unnamed ImageStim: image = 'meg_set1/m3-35-v1.tif'
661.7957 	EXP 	unnamed ImageStim: image = 'meg_set1/m2-23-v1.tif'
665.3280 	EXP 	unnamed ImageStim: image = 'meg_set1/m2-21-v1.tif'
668.6103 	EXP 	unnamed ImageStim: image = 'meg_set1/m3-36-v1.tif'
672.1593 	EXP 	unnamed ImageStim: image = 'meg_set1/m3-31-v1.tif'
675.5916 	EXP 	unnamed ImageStim: image = 'meg_set1/m3-33-v1.tif'
678.9572 	EXP 	unnamed ImageStim: image = 'meg_set1/m1-12-v1.tif'
682.3729 	EXP 	unnamed ImageStim: image = 'meg_set1/m1-14-v1.tif'
685.8218 	EXP 	unnamed ImageStim: image = 'meg_set1/m1-16-v1.tif'
689.5374 	EXP 	unnamed ImageStim: image = 'meg_set1/m3-35-v1.tif'
693.1696 	EXP 	unnamed ImageStim: image = 'meg_set1/m2-24-v1.tif'
696.3520 	EXP 	unnamed ImageStim: image = 'meg_set1/m1-13-v1.tif'
700.0009 	EXP 	unnamed ImageStim: image = 'meg_set1/m2-22-v1.tif'
703.3832 	EXP 	unnamed ImageStim: image = 'meg_set1/m1-12-v1.tif'
706.5822 	EXP 	unnamed ImageStim: image = 'meg_set1/m1-13-v1.tif'
710.1812 	EXP 	unnamed ImageStim: image = 'meg_set1/m3-36-v1.tif'
713.7634 	EXP 	unnamed ImageStim: image = 'meg_set1/m3-35-v1.tif'
717.0624 	EXP 	unnamed ImageStim: image = 'meg_set1/m2-21-v1.tif'
720.7446 	EXP 	unnamed ImageStim: image = 'meg_set1/m2-24-v1.tif'
724.3269 	EXP 	unnamed ImageStim: image = 'meg_set1/m3-31-v1.tif'
727.7592 	EXP 	unnamed ImageStim: image = 'meg_set1/m3-33-v1.tif'
731.4581 	EXP 	unnamed ImageStim: image = 'meg_set1/m2-22-v1.tif'
735.1070 	EXP 	unnamed ImageStim: image = 'meg_set1/m1-16-v1.tif'
738.7392 	EXP 	unnamed ImageStim: image = 'meg_set1/m1-14-v1.tif'
742.0049 	EXP 	unnamed ImageStim: image = 'meg_set1/m2-23-v1.tif'
745.5705 	EXP 	unnamed ImageStim: image = 'meg_set1/m3-31-v1.tif'
749.1694 	EXP 	unnamed ImageStim: image = 'meg_set1/m1-16-v1.tif'
752.5017 	EXP 	unnamed ImageStim: image = 'meg_set1/m3-36-v1.tif'
756.0173 	EXP 	unnamed ImageStim: image = 'meg_set1/m1-12-v1.tif'
759.3830 	EXP 	unnamed ImageStim: image = 'meg_set1/m2-21-v1.tif'
762.6487 	EXP 	unnamed ImageStim: image = 'meg_set1/m1-14-v1.tif'
766.1143 	EXP 	unnamed ImageStim: image = 'meg_set1/m2-22-v1.tif'
769.7632 	EXP 	unnamed ImageStim: image = 'meg_set1/m2-23-v1.tif'
772.9622 	EXP 	unnamed ImageStim: image = 'meg_set1/m3-35-v1.tif'
776.5112 	EXP 	unnamed ImageStim: image = 'meg_set1/m2-24-v1.tif'
779.8435 	EXP 	unnamed ImageStim: image = 'meg_set1/m1-13-v1.tif'
783.5757 	EXP 	unnamed ImageStim: image = 'meg_set1/m3-33-v1.tif'
787.2746 	EXP 	unnamed ImageStim: image = 'meg_set1/m1-14-v1.tif'
790.8902 	EXP 	unnamed ImageStim: image = 'meg_set1/m3-31-v1.tif'
794.5057 	EXP 	unnamed ImageStim: image = 'meg_set1/m2-21-v1.tif'
798.1546 	EXP 	unnamed ImageStim: image = 'meg_set1/m1-12-v1.tif'
801.8702 	EXP 	unnamed ImageStim: image = 'meg_set1/m1-16-v1.tif'
805.6024 	EXP 	unnamed ImageStim: image = 'meg_set1/m1-13-v1.tif'
808.9514 	EXP 	unnamed ImageStim: image = 'meg_set1/m2-24-v1.tif'
812.4004 	EXP 	unnamed ImageStim: image = 'meg_set1/m3-33-v1.tif'
815.9659 	EXP 	unnamed ImageStim: image = 'meg_set1/m2-22-v1.tif'
819.6148 	EXP 	unnamed ImageStim: image = 'meg_set1/m2-23-v1.tif'
822.8472 	EXP 	unnamed ImageStim: image = 'meg_set1/m3-36-v1.tif'
826.5628 	EXP 	unnamed ImageStim: image = 'meg_set1/m3-35-v1.tif'
829.7451 	EXP 	unnamed ImageStim: image = 'meg_set1/m2-24-v1.tif'
833.3940 	EXP 	unnamed ImageStim: image = 'meg_set1/m1-13-v1.tif'
836.5764 	EXP 	unnamed ImageStim: image = 'meg_set1/m3-35-v1.tif'
840.1587 	EXP 	unnamed ImageStim: image = 'meg_set1/m3-31-v1.tif'
843.7076 	EXP 	unnamed ImageStim: image = 'meg_set1/m2-22-v1.tif'
847.2398 	EXP 	unnamed ImageStim: image = 'meg_set1/m1-14-v1.tif'
850.5222 	EXP 	unnamed ImageStim: image = 'meg_set1/m1-16-v1.tif'
854.2877 	EXP 	unnamed ImageStim: image = 'meg_set1/m2-23-v1.tif'
857.8033 	EXP 	unnamed ImageStim: image = 'meg_set1/m3-36-v1.tif'
861.1023 	EXP 	unnamed ImageStim: image = 'meg_set1/m3-33-v1.tif'
864.3514 	EXP 	unnamed ImageStim: image = 'meg_set1/m1-12-v1.tif'
867.6670 	EXP 	unnamed ImageStim: image = 'meg_set1/m2-21-v1.tif'
871.1826 	EXP 	unnamed ImageStim: image = 'meg_set1/m1-14-v1.tif'
874.9482 	EXP 	unnamed ImageStim: image = 'meg_set1/m2-24-v1.tif'
878.2805 	EXP 	unnamed ImageStim: image = 'meg_set1/m3-31-v1.tif'
881.5462 	EXP 	unnamed ImageStim: image = 'meg_set1/m1-13-v1.tif'
885.2451 	EXP 	unnamed ImageStim: image = 'meg_set1/m2-21-v1.tif'
888.5774 	EXP 	unnamed ImageStim: image = 'meg_set1/m2-23-v1.tif'
892.3429 	EXP 	unnamed ImageStim: image = 'meg_set1/m1-16-v1.tif'
895.7419 	EXP 	unnamed ImageStim: image = 'meg_set1/m2-22-v1.tif'
899.4741 	EXP 	unnamed ImageStim: image = 'meg_set1/m1-12-v1.tif'
902.8231 	EXP 	unnamed ImageStim: image = 'meg_set1/m3-35-v1.tif'
906.5220 	EXP 	unnamed ImageStim: image = 'meg_set1/m3-36-v1.tif'
910.1875 	EXP 	unnamed ImageStim: image = 'meg_set1/m3-33-v1.tif'
955.7408 	DATA 	Keypress: space
955.7905 	EXP 	unnamed ImageStim: image = 'meg_set1/m1-16-v1.tif'
959.2394 	EXP 	unnamed ImageStim: image = 'meg_set1/m3-31-v1.tif'
962.5051 	EXP 	unnamed ImageStim: image = 'meg_set1/m2-24-v1.tif'
965.8874 	EXP 	unnamed ImageStim: image = 'meg_set1/m3-36-v1.tif'
969.6197 	EXP 	unnamed ImageStim: image = 'meg_set1/m2-21-v1.tif'
972.8020 	EXP 	unnamed ImageStim: image = 'meg_set1/m2-23-v1.tif'
976.0344 	EXP 	unnamed ImageStim: image = 'meg_set1/m1-12-v1.tif'
979.6833 	EXP 	unnamed ImageStim: image = 'meg_set1/m3-35-v1.tif'
983.0156 	EXP 	unnamed ImageStim: image = 'meg_set1/m2-22-v1.tif'
986.2646 	EXP 	unnamed ImageStim: image = 'meg_set1/m3-33-v1.tif'
989.4803 	EXP 	unnamed ImageStim: image = 'meg_set1/m1-13-v1.tif'
993.2125 	EXP 	unnamed ImageStim: image = 'meg_set1/m1-14-v1.tif'
996.9781 	EXP 	unnamed ImageStim: image = 'meg_set1/m3-36-v1.tif'
1000.3604 	EXP 	unnamed ImageStim: image = 'meg_set1/m2-21-v1.tif'
1003.8260 	EXP 	unnamed ImageStim: image = 'meg_set1/m1-14-v1.tif'
1007.0250 	EXP 	unnamed ImageStim: image = 'meg_set1/m1-13-v1.tif'
1010.3740 	EXP 	unnamed ImageStim: image = 'meg_set1/m2-23-v1.tif'
1013.7230 	EXP 	unnamed ImageStim: image = 'meg_set1/m1-12-v1.tif'
1017.3386 	EXP 	unnamed ImageStim: image = 'meg_set1/m2-24-v1.tif'
1020.8376 	EXP 	unnamed ImageStim: image = 'meg_set1/m3-35-v1.tif'
1024.5531 	EXP 	unnamed ImageStim: image = 'meg_set1/m3-31-v1.tif'
1027.8021 	EXP 	unnamed ImageStim: image = 'meg_set1/m1-16-v1.tif'
1031.3511 	EXP 	unnamed ImageStim: image = 'meg_set1/m3-33-v1.tif'
1034.8833 	EXP 	unnamed ImageStim: image = 'meg_set1/m2-22-v1.tif'
1038.5322 	EXP 	unnamed ImageStim: image = 'meg_set1/m1-12-v1.tif'
1041.8646 	EXP 	unnamed ImageStim: image = 'meg_set1/m3-36-v1.tif'
1045.6134 	EXP 	unnamed ImageStim: image = 'meg_set1/m3-35-v1.tif'
1049.2123 	EXP 	unnamed ImageStim: image = 'meg_set1/m2-21-v1.tif'
1052.7613 	EXP 	unnamed ImageStim: image = 'meg_set1/m3-31-v1.tif'
1056.5268 	EXP 	unnamed ImageStim: image = 'meg_set1/m1-16-v1.tif'
1059.7592 	EXP 	unnamed ImageStim: image = 'meg_set1/m2-22-v1.tif'
1063.2248 	EXP 	unnamed ImageStim: image = 'meg_set1/m1-14-v1.tif'
1066.8737 	EXP 	unnamed ImageStim: image = 'meg_set1/m2-24-v1.tif'
1070.6059 	EXP 	unnamed ImageStim: image = 'meg_set1/m1-13-v1.tif'
1073.8049 	EXP 	unnamed ImageStim: image = 'meg_set1/m3-33-v1.tif'
1077.5205 	EXP 	unnamed ImageStim: image = 'meg_set1/m2-23-v1.tif'
1080.7195 	EXP 	unnamed ImageStim: image = 'meg_set1/m1-12-v1.tif'
1083.9352 	EXP 	unnamed ImageStim: image = 'meg_set1/m2-21-v1.tif'
1087.3842 	EXP 	unnamed ImageStim: image = 'meg_set1/m1-16-v1.tif'
1090.6499 	EXP 	unnamed ImageStim: image = 'meg_set1/m2-22-v1.tif'
1094.2321 	EXP 	unnamed ImageStim: image = 'meg_set1/m3-36-v1.tif'
1097.9477 	EXP 	unnamed ImageStim: image = 'meg_set1/m3-31-v1.tif'
1101.2300 	EXP 	unnamed ImageStim: image = 'meg_set1/m2-23-v1.tif'
1104.5457 	EXP 	unnamed ImageStim: image = 'meg_set1/m3-35-v1.tif'
1108.0779 	EXP 	unnamed ImageStim: image = 'meg_set1/m1-13-v1.tif'
1111.5769 	EXP 	unnamed ImageStim: image = 'meg_set1/m1-14-v1.tif'
1115.2424 	EXP 	unnamed ImageStim: image = 'meg_set1/m3-33-v1.tif'
1118.4582 	EXP 	unnamed ImageStim: image = 'meg_set1/m2-24-v1.tif'
1121.8738 	EXP 	unnamed ImageStim: image = 'meg_set1/m3-31-v1.tif'
1125.4894 	EXP 	unnamed ImageStim: image = 'meg_set1/m3-36-v1.tif'
1129.2049 	EXP 	unnamed ImageStim: image = 'meg_set1/m2-22-v1.tif'
1132.8205 	EXP 	unnamed ImageStim: image = 'meg_set1/m1-13-v1.tif'
1136.3861 	EXP 	unnamed ImageStim: image = 'meg_set1/m2-21-v1.tif'
1139.6018 	EXP 	unnamed ImageStim: image = 'meg_set1/m1-14-v1.tif'
1143.0674 	EXP 	unnamed ImageStim: image = 'meg_set1/m2-24-v1.tif'
1146.4664 	EXP 	unnamed ImageStim: image = 'meg_set1/m3-33-v1.tif'
1149.7820 	EXP 	unnamed ImageStim: image = 'meg_set1/m1-16-v1.tif'
1153.1644 	EXP 	unnamed ImageStim: image = 'meg_set1/m3-35-v1.tif'
1156.8133 	EXP 	unnamed ImageStim: image = 'meg_set1/m2-23-v1.tif'
1160.2622 	EXP 	unnamed ImageStim: image = 'meg_set1/m1-12-v1.tif'
1163.7112 	EXP 	unnamed ImageStim: image = 'meg_set1/m1-16-v1.tif'
1167.1935 	EXP 	unnamed ImageStim: image = 'meg_set1/m2-24-v1.tif'
1170.8090 	EXP 	unnamed ImageStim: image = 'meg_set1/m3-35-v1.tif'
1174.1414 	EXP 	unnamed ImageStim: image = 'meg_set1/m1-13-v1.tif'
1177.5403 	EXP 	unnamed ImageStim: image = 'meg_set1/m2-22-v1.tif'
1180.9893 	EXP 	unnamed ImageStim: image = 'meg_set1/m2-23-v1.tif'
1184.5216 	EXP 	unnamed ImageStim: image = 'meg_set1/m1-14-v1.tif'
1187.8206 	EXP 	unnamed ImageStim: image = 'meg_set1/m1-12-v1.tif'
1191.2862 	EXP 	unnamed ImageStim: image = 'meg_set1/m3-33-v1.tif'
1194.7352 	EXP 	unnamed ImageStim: image = 'meg_set1/m3-36-v1.tif'
1198.3674 	EXP 	unnamed ImageStim: image = 'meg_set1/m2-21-v1.tif'
1202.0496 	EXP 	unnamed ImageStim: image = 'meg_set1/m3-31-v1.tif'
1205.4653 	EXP 	unnamed ImageStim: image = 'meg_set1/m1-12-v1.tif'
1208.6643 	EXP 	unnamed ImageStim: image = 'meg_set1/m2-21-v1.tif'
1211.8633 	EXP 	unnamed ImageStim: image = 'meg_set1/m2-23-v1.tif'
1215.5289 	EXP 	unnamed ImageStim: image = 'meg_set1/m2-22-v1.tif'
1218.9445 	EXP 	unnamed ImageStim: image = 'meg_set1/m3-31-v1.tif'
1222.3102 	EXP 	unnamed ImageStim: image = 'meg_set1/m2-24-v1.tif'
1225.7591 	EXP 	unnamed ImageStim: image = 'meg_set1/m1-16-v1.tif'
1229.3414 	EXP 	unnamed ImageStim: image = 'meg_set1/m1-13-v1.tif'
1232.6238 	EXP 	unnamed ImageStim: image = 'meg_set1/m3-33-v1.tif'
1236.3726 	EXP 	unnamed ImageStim: image = 'meg_set1/m1-14-v1.tif'
1239.8049 	EXP 	unnamed ImageStim: image = 'meg_set1/m3-36-v1.tif'
1243.1206 	EXP 	unnamed ImageStim: image = 'meg_set1/m3-35-v1.tif'
1245.7031 	EXP 	unnamed ImageStim: image = 'meg_set1/m3-33-v1.tif'
1247.7025 	EXP 	unnamed Rect: vertices = <class 'numpy.ndarray'>
1247.7025 	EXP 	unnamed Rect: width = 15.0
1248.3357 	EXP 	unnamed ImageStim: image = 'meg_set1/m3-36-v1.tif'
1250.2684 	EXP 	unnamed Rect: vertices = <class 'numpy.ndarray'>
1250.2684 	EXP 	unnamed Rect: width = 10.0
1250.9016 	EXP 	unnamed ImageStim: image = 'meg_set1/m2-21-v1.tif'
1252.8676 	EXP 	unnamed Rect: vertices = <class 'numpy.ndarray'>
1252.8676 	EXP 	unnamed Rect: width = 15.0
1253.5008 	EXP 	unnamed ImageStim: image = 'meg_set1/m3-31-v1.tif'
1256.0000 	EXP 	unnamed Rect: vertices = <class 'numpy.ndarray'>
1256.0000 	EXP 	unnamed Rect: width = 10.0
1256.6332 	EXP 	unnamed ImageStim: image = 'meg_set1/m1-16-v1.tif'
1260.1655 	EXP 	unnamed ImageStim: image = 'meg_set1/m1-13-v1.tif'
1262.0315 	EXP 	unnamed Rect: vertices = <class 'numpy.ndarray'>
1262.0315 	EXP 	unnamed Rect: width = 15.0
1262.6647 	EXP 	unnamed ImageStim: image = 'meg_set1/m3-35-v1.tif'
1264.7307 	EXP 	unnamed Rect: vertices = <class 'numpy.ndarray'>
1264.7307 	EXP 	unnamed Rect: width = 20.0
1265.3639 	EXP 	unnamed ImageStim: image = 'meg_set1/m1-12-v1.tif'
1267.0969 	EXP 	unnamed Rect: vertices = <class 'numpy.ndarray'>
1267.0969 	EXP 	unnamed Rect: width = 15.0
1267.7465 	EXP 	unnamed ImageStim: image = 'meg_set1/m2-24-v1.tif'
1269.7959 	EXP 	unnamed Rect: vertices = <class 'numpy.ndarray'>
1269.7959 	EXP 	unnamed Rect: width = 10.0
1270.4290 	EXP 	unnamed ImageStim: image = 'meg_set1/m2-22-v1.tif'
1272.1618 	EXP 	unnamed Rect: vertices = <class 'numpy.ndarray'>
1272.1618 	EXP 	unnamed Rect: width = 15.0
1272.7950 	EXP 	unnamed ImageStim: image = 'meg_set1/m2-23-v1.tif'
1274.9777 	EXP 	unnamed Rect: vertices = <class 'numpy.ndarray'>
1274.9777 	EXP 	unnamed Rect: width = 10.0
1275.6108 	EXP 	unnamed ImageStim: image = 'meg_set1/m1-14-v1.tif'
1278.0434 	EXP 	unnamed Rect: vertices = <class 'numpy.ndarray'>
1278.0434 	EXP 	unnamed Rect: width = 5.0
1278.0434 	EXP 	unnamed Rect: vertices = <class 'numpy.ndarray'>
1278.0434 	EXP 	unnamed Rect: width = 10
1278.6765 	EXP 	unnamed ImageStim: image = 'meg_set1/m1-12-v1.tif'
1280.7093 	EXP 	unnamed Rect: vertices = <class 'numpy.ndarray'>
1280.7093 	EXP 	unnamed Rect: width = 5.0
1280.7093 	EXP 	unnamed Rect: vertices = <class 'numpy.ndarray'>
1280.7093 	EXP 	unnamed Rect: width = 10
1281.3424 	EXP 	unnamed ImageStim: image = 'meg_set1/m1-14-v1.tif'
1283.6584 	EXP 	unnamed Rect: vertices = <class 'numpy.ndarray'>
1283.6584 	EXP 	unnamed Rect: width = 5.0
1283.6584 	EXP 	unnamed Rect: vertices = <class 'numpy.ndarray'>
1283.6584 	EXP 	unnamed Rect: width = 10
1284.2915 	EXP 	unnamed ImageStim: image = 'meg_set1/m1-13-v1.tif'
1286.3576 	EXP 	unnamed Rect: vertices = <class 'numpy.ndarray'>
1286.3576 	EXP 	unnamed Rect: width = 15.0
1286.9907 	EXP 	unnamed ImageStim: image = 'meg_set1/m3-36-v1.tif'
1288.9901 	EXP 	unnamed Rect: vertices = <class 'numpy.ndarray'>
1288.9901 	EXP 	unnamed Rect: width = 10.0
1289.6232 	EXP 	unnamed ImageStim: image = 'meg_set1/m2-22-v1.tif'
1291.9065 	EXP 	unnamed Rect: vertices = <class 'numpy.ndarray'>
1291.9065 	EXP 	unnamed Rect: width = 15.0
1292.5390 	EXP 	unnamed ImageStim: image = 'meg_set1/m3-31-v1.tif'
1294.2891 	EXP 	unnamed Rect: vertices = <class 'numpy.ndarray'>
1294.2891 	EXP 	unnamed Rect: width = 10.0
1294.9383 	EXP 	unnamed ImageStim: image = 'meg_set1/m2-23-v1.tif'
1297.2043 	EXP 	unnamed Rect: vertices = <class 'numpy.ndarray'>
1297.2043 	EXP 	unnamed Rect: width = 5.0
1297.2043 	EXP 	unnamed Rect: vertices = <class 'numpy.ndarray'>
1297.2043 	EXP 	unnamed Rect: width = 10
1297.8374 	EXP 	unnamed ImageStim: image = 'meg_set1/m2-24-v1.tif'
1299.8035 	EXP 	unnamed Rect: vertices = <class 'numpy.ndarray'>
1299.8035 	EXP 	unnamed Rect: width = 5.0
1299.8035 	EXP 	unnamed Rect: vertices = <class 'numpy.ndarray'>
1299.8035 	EXP 	unnamed Rect: width = 10
1300.4367 	EXP 	unnamed ImageStim: image = 'meg_set1/m2-21-v1.tif'
1304.0689 	EXP 	unnamed ImageStim: image = 'meg_set1/m3-33-v1.tif'
1305.8017 	EXP 	unnamed Rect: vertices = <class 'numpy.ndarray'>
1305.8017 	EXP 	unnamed Rect: width = 15.0
1306.4349 	EXP 	unnamed ImageStim: image = 'meg_set1/m1-16-v1.tif'
1308.0010 	EXP 	unnamed Rect: vertices = <class 'numpy.ndarray'>
1308.0010 	EXP 	unnamed Rect: width = 20.0
1308.6342 	EXP 	unnamed ImageStim: image = 'meg_set1/m3-35-v1.tif'
1310.4836 	EXP 	unnamed Rect: vertices = <class 'numpy.ndarray'>
1310.4836 	EXP 	unnamed Rect: width = 25.0
1311.1168 	EXP 	unnamed ImageStim: image = 'meg_set1/m2-23-v1.tif'
1312.8996 	EXP 	unnamed Rect: vertices = <class 'numpy.ndarray'>
1312.8996 	EXP 	unnamed Rect: width = 20.0
1313.5327 	EXP 	unnamed ImageStim: image = 'meg_set1/m3-31-v1.tif'
1315.4655 	EXP 	unnamed Rect: vertices = <class 'numpy.ndarray'>
1315.4655 	EXP 	unnamed Rect: width = 15.0
1316.0986 	EXP 	unnamed ImageStim: image = 'meg_set1/m1-14-v1.tif'
1317.7648 	EXP 	unnamed Rect: vertices = <class 'numpy.ndarray'>
1317.7648 	EXP 	unnamed Rect: width = 10.0
1318.3979 	EXP 	unnamed ImageStim: image = 'meg_set1/m3-35-v1.tif'
1320.4306 	EXP 	unnamed Rect: vertices = <class 'numpy.ndarray'>
1320.4306 	EXP 	unnamed Rect: width = 15.0
1321.0638 	EXP 	unnamed ImageStim: image = 'meg_set1/m1-16-v1.tif'
1323.0798 	EXP 	unnamed Rect: vertices = <class 'numpy.ndarray'>
1323.0798 	EXP 	unnamed Rect: width = 20.0
1323.7130 	EXP 	unnamed ImageStim: image = 'meg_set1/m1-12-v1.tif'
1325.4458 	EXP 	unnamed Rect: vertices = <class 'numpy.ndarray'>
1325.4458 	EXP 	unnamed Rect: width = 15.0
1326.0789 	EXP 	unnamed ImageStim: image = 'meg_set1/m2-21-v1.tif'
1328.0117 	EXP 	unnamed Rect: vertices = <class 'numpy.ndarray'>
1328.0117 	EXP 	unnamed Rect: width = 20.0
1328.6448 	EXP 	unnamed ImageStim: image = 'meg_set1/m3-36-v1.tif'
1330.3776 	EXP 	unnamed Rect: vertices = <class 'numpy.ndarray'>
1330.3776 	EXP 	unnamed Rect: width = 15.0
1331.0108 	EXP 	unnamed ImageStim: image = 'meg_set1/m2-24-v1.tif'
1332.9269 	EXP 	unnamed Rect: vertices = <class 'numpy.ndarray'>
1332.9269 	EXP 	unnamed Rect: width = 10.0
1333.5600 	EXP 	unnamed ImageStim: image = 'meg_set1/m1-13-v1.tif'
1335.3261 	EXP 	unnamed Rect: vertices = <class 'numpy.ndarray'>
1335.3261 	EXP 	unnamed Rect: width = 15.0
1335.9593 	EXP 	unnamed ImageStim: image = 'meg_set1/m3-33-v1.tif'
1338.2919 	EXP 	unnamed Rect: vertices = <class 'numpy.ndarray'>
1338.2919 	EXP 	unnamed Rect: width = 20.0
1338.9251 	EXP 	unnamed ImageStim: image = 'meg_set1/m2-22-v1.tif'
1350.1203 	DATA 	Keypress: space
1350.1717 	EXP 	unnamed ImageStim: image = 'meg_set1/m1-16-v1.tif'
1353.8872 	EXP 	unnamed ImageStim: image = 'meg_set1/m2-21-v1.tif'
1357.1696 	EXP 	unnamed ImageStim: image = 'meg_set1/m3-31-v1.tif'
1360.5019 	EXP 	unnamed ImageStim: image = 'meg_set1/m1-12-v1.tif'
1363.7009 	EXP 	unnamed ImageStim: image = 'meg_set1/m3-35-v1.tif'
1367.2832 	EXP 	unnamed ImageStim: image = 'meg_set1/m2-24-v1.tif'
1370.5989 	EXP 	unnamed ImageStim: image = 'meg_set1/m3-36-v1.tif'
1373.9978 	EXP 	unnamed ImageStim: image = 'meg_set1/m2-22-v1.tif'
1377.7467 	EXP 	unnamed ImageStim: image = 'meg_set1/m1-14-v1.tif'
1381.0457 	EXP 	unnamed ImageStim: image = 'meg_set1/m1-13-v1.tif'
1384.6280 	EXP 	unnamed ImageStim: image = 'meg_set1/m3-33-v1.tif'
1388.3102 	EXP 	unnamed ImageStim: image = 'meg_set1/m2-23-v1.tif'
1391.8258 	EXP 	unnamed ImageStim: image = 'meg_set1/m1-14-v1.tif'
1395.4414 	EXP 	unnamed ImageStim: image = 'meg_set1/m1-13-v1.tif'
1399.0903 	EXP 	unnamed ImageStim: image = 'meg_set1/m2-23-v1.tif'
1402.3726 	EXP 	unnamed ImageStim: image = 'meg_set1/m2-21-v1.tif'
1406.0548 	EXP 	unnamed ImageStim: image = 'meg_set1/m1-16-v1.tif'
1409.5038 	EXP 	unnamed ImageStim: image = 'meg_set1/m3-35-v1.tif'
1412.8028 	EXP 	unnamed ImageStim: image = 'meg_set1/m3-33-v1.tif'
1416.2684 	EXP 	unnamed ImageStim: image = 'meg_set1/m3-31-v1.tif'
1419.6008 	EXP 	unnamed ImageStim: image = 'meg_set1/m2-24-v1.tif'
1422.9664 	EXP 	unnamed ImageStim: image = 'meg_set1/m2-22-v1.tif'
1426.4320 	EXP 	unnamed ImageStim: image = 'meg_set1/m3-36-v1.tif'
1429.6144 	EXP 	unnamed ImageStim: image = 'meg_set1/m1-12-v1.tif'
1432.8967 	EXP 	unnamed ImageStim: image = 'meg_set1/m3-33-v1.tif'
1436.2624 	EXP 	unnamed ImageStim: image = 'meg_set1/m1-12-v1.tif'
1439.8280 	EXP 	unnamed ImageStim: image = 'meg_set1/m2-22-v1.tif'
1443.1603 	EXP 	unnamed ImageStim: image = 'meg_set1/m3-36-v1.tif'
1445.2933 	EXP 	unnamed Rect: vertices = <class 'numpy.ndarray'>
1445.2933 	EXP 	unnamed Rect: width = 15.0
1445.9262 	EXP 	unnamed ImageStim: image = 'meg_set1/m2-21-v1.tif'
1447.4923 	EXP 	unnamed Rect: vertices = <class 'numpy.ndarray'>
1447.4923 	EXP 	unnamed Rect: width = 20.0
1448.1255 	EXP 	unnamed ImageStim: image = 'meg_set1/m2-24-v1.tif'
1449.6417 	EXP 	unnamed Rect: vertices = <class 'numpy.ndarray'>
1449.6417 	EXP 	unnamed Rect: width = 15.0
1450.2748 	EXP 	unnamed ImageStim: image = 'meg_set1/m3-31-v1.tif'
1451.7244 	EXP 	unnamed Rect: vertices = <class 'numpy.ndarray'>
1451.7244 	EXP 	unnamed Rect: width = 10.0
1452.3575 	EXP 	unnamed ImageStim: image = 'meg_set1/m1-13-v1.tif'
1453.7071 	EXP 	unnamed Rect: vertices = <class 'numpy.ndarray'>
1453.7071 	EXP 	unnamed Rect: width = 15.0
1454.3403 	EXP 	unnamed ImageStim: image = 'meg_set1/m2-23-v1.tif'
1456.0897 	EXP 	unnamed Rect: vertices = <class 'numpy.ndarray'>
1456.0897 	EXP 	unnamed Rect: width = 10.0
1456.7229 	EXP 	unnamed ImageStim: image = 'meg_set1/m3-35-v1.tif'
1458.5057 	EXP 	unnamed Rect: vertices = <class 'numpy.ndarray'>
1458.5057 	EXP 	unnamed Rect: width = 15.0
1459.1388 	EXP 	unnamed ImageStim: image = 'meg_set1/m1-14-v1.tif'
1460.9050 	EXP 	unnamed Rect: vertices = <class 'numpy.ndarray'>
1460.9050 	EXP 	unnamed Rect: width = 10.0
1461.5381 	EXP 	unnamed ImageStim: image = 'meg_set1/m1-16-v1.tif'
1463.8374 	EXP 	unnamed Rect: vertices = <class 'numpy.ndarray'>
1463.8374 	EXP 	unnamed Rect: width = 15.0
1464.4706 	EXP 	unnamed ImageStim: image = 'meg_set1/m2-24-v1.tif'
1466.7366 	EXP 	unnamed Rect: vertices = <class 'numpy.ndarray'>
1466.7366 	EXP 	unnamed Rect: width = 10.0
1467.3697 	EXP 	unnamed ImageStim: image = 'meg_set1/m1-14-v1.tif'
1469.5524 	EXP 	unnamed Rect: vertices = <class 'numpy.ndarray'>
1469.5524 	EXP 	unnamed Rect: width = 5.0
1469.5524 	EXP 	unnamed Rect: vertices = <class 'numpy.ndarray'>
1469.5524 	EXP 	unnamed Rect: width = 10
1470.1855 	EXP 	unnamed ImageStim: image = 'meg_set1/m1-12-v1.tif'
1472.5848 	EXP 	unnamed Rect: vertices = <class 'numpy.ndarray'>
1472.5848 	EXP 	unnamed Rect: width = 5.0
1472.5848 	EXP 	unnamed Rect: vertices = <class 'numpy.ndarray'>
1472.5848 	EXP 	unnamed Rect: width = 10
1473.2179 	EXP 	unnamed ImageStim: image = 'meg_set1/m1-13-v1.tif'
1475.0840 	EXP 	unnamed Rect: vertices = <class 'numpy.ndarray'>
1475.0840 	EXP 	unnamed Rect: width = 15.0
1475.7172 	EXP 	unnamed ImageStim: image = 'meg_set1/m2-21-v1.tif'
1479.0162 	EXP 	unnamed ImageStim: image = 'meg_set1/m1-16-v1.tif'
1481.1989 	EXP 	unnamed Rect: vertices = <class 'numpy.ndarray'>
1481.1989 	EXP 	unnamed Rect: width = 20.0
1481.8320 	EXP 	unnamed ImageStim: image = 'meg_set1/m2-23-v1.tif'
1483.9980 	EXP 	unnamed Rect: vertices = <class 'numpy.ndarray'>
1483.9980 	EXP 	unnamed Rect: width = 15.0
1484.6312 	EXP 	unnamed ImageStim: image = 'meg_set1/m2-22-v1.tif'
1486.5639 	EXP 	unnamed Rect: vertices = <class 'numpy.ndarray'>
1486.5639 	EXP 	unnamed Rect: width = 20.0
1487.1970 	EXP 	unnamed ImageStim: image = 'meg_set1/m3-35-v1.tif'
1488.9632 	EXP 	unnamed Rect: vertices = <class 'numpy.ndarray'>
1488.9632 	EXP 	unnamed Rect: width = 25.0
1489.5963 	EXP 	unnamed ImageStim: image = 'meg_set1/m3-36-v1.tif'
1491.3125 	EXP 	unnamed Rect: vertices = <class 'numpy.ndarray'>
1491.3125 	EXP 	unnamed Rect: width = 20.0
1491.9456 	EXP 	unnamed ImageStim: image = 'meg_set1/m3-31-v1.tif'
1494.0283 	EXP 	unnamed Rect: vertices = <class 'numpy.ndarray'>
1494.0283 	EXP 	unnamed Rect: width = 15.0
1494.6615 	EXP 	unnamed ImageStim: image = 'meg_set1/m3-33-v1.tif'
1496.6775 	EXP 	unnamed Rect: vertices = <class 'numpy.ndarray'>
1496.6775 	EXP 	unnamed Rect: width = 20.0
1497.3107 	EXP 	unnamed ImageStim: image = 'meg_set1/m1-14-v1.tif'
1500.3598 	EXP 	unnamed ImageStim: image = 'meg_set1/m1-16-v1.tif'
1503.2589 	EXP 	unnamed ImageStim: image = 'meg_set1/m3-31-v1.tif'
1506.5579 	EXP 	unnamed ImageStim: image = 'meg_set1/m2-21-v1.tif'
1509.0738 	EXP 	unnamed ImageStim: image = 'meg_set1/m2-23-v1.tif'
1511.6230 	EXP 	unnamed ImageStim: image = 'meg_set1/m2-22-v1.tif'
1514.6221 	EXP 	unnamed ImageStim: image = 'meg_set1/m3-33-v1.tif'
1518.3043 	EXP 	unnamed ImageStim: image = 'meg_set1/m3-36-v1.tif'
1521.5034 	EXP 	unnamed ImageStim: image = 'meg_set1/m3-35-v1.tif'
1524.2859 	EXP 	unnamed ImageStim: image = 'meg_set1/m1-12-v1.tif'
1526.5019 	EXP 	unnamed ImageStim: image = 'meg_set1/m1-13-v1.tif'
1528.9511 	EXP 	unnamed ImageStim: image = 'meg_set1/m2-24-v1.tif'
1532.3834 	EXP 	unnamed ImageStim: image = 'meg_set1/m3-33-v1.tif'
1535.7991 	EXP 	unnamed ImageStim: image = 'meg_set1/m2-22-v1.tif'
1539.4480 	EXP 	unnamed ImageStim: image = 'meg_set1/m2-24-v1.tif'
1542.8303 	EXP 	unnamed ImageStim: image = 'meg_set1/m1-13-v1.tif'
1546.5125 	EXP 	unnamed ImageStim: image = 'meg_set1/m1-16-v1.tif'
1550.2114 	EXP 	unnamed ImageStim: image = 'meg_set1/m1-14-v1.tif'
1553.7603 	EXP 	unnamed ImageStim: image = 'meg_set1/m1-12-v1.tif'
1557.0427 	EXP 	unnamed ImageStim: image = 'meg_set1/m3-35-v1.tif'
1560.5583 	EXP 	unnamed ImageStim: image = 'meg_set1/m3-31-v1.tif'
1563.9906 	EXP 	unnamed ImageStim: image = 'meg_set1/m2-21-v1.tif'
1567.3895 	EXP 	unnamed ImageStim: image = 'meg_set1/m2-23-v1.tif'
1570.6053 	EXP 	unnamed ImageStim: image = 'meg_set1/m3-36-v1.tif'
1573.9542 	EXP 	unnamed ImageStim: image = 'meg_set1/m3-31-v1.tif'
1577.4699 	EXP 	unnamed ImageStim: image = 'meg_set1/m2-21-v1.tif'
1580.9355 	EXP 	unnamed ImageStim: image = 'meg_set1/m2-24-v1.tif'
1584.3344 	EXP 	unnamed ImageStim: image = 'meg_set1/m2-23-v1.tif'
1587.6168 	EXP 	unnamed ImageStim: image = 'meg_set1/m1-13-v1.tif'
1591.3656 	EXP 	unnamed ImageStim: image = 'meg_set1/m2-22-v1.tif'
1594.5814 	EXP 	unnamed ImageStim: image = 'meg_set1/m3-35-v1.tif'
1598.1969 	EXP 	unnamed ImageStim: image = 'meg_set1/m3-36-v1.tif'
1601.9125 	EXP 	unnamed ImageStim: image = 'meg_set1/m1-16-v1.tif'
1605.2115 	EXP 	unnamed ImageStim: image = 'meg_set1/m1-12-v1.tif'
1608.7104 	EXP 	unnamed ImageStim: image = 'meg_set1/m3-33-v1.tif'
1612.0261 	EXP 	unnamed ImageStim: image = 'meg_set1/m1-14-v1.tif'
1615.2918 	EXP 	unnamed ImageStim: image = 'meg_set1/m1-13-v1.tif'
1618.6075 	EXP 	unnamed ImageStim: image = 'meg_set1/m3-36-v1.tif'
1622.0398 	EXP 	unnamed ImageStim: image = 'meg_set1/m1-12-v1.tif'
1625.6553 	EXP 	unnamed ImageStim: image = 'meg_set1/m2-22-v1.tif'
1629.2876 	EXP 	unnamed ImageStim: image = 'meg_set1/m1-16-v1.tif'
1632.5866 	EXP 	unnamed ImageStim: image = 'meg_set1/m1-14-v1.tif'
1635.8356 	EXP 	unnamed ImageStim: image = 'meg_set1/m3-31-v1.tif'
1639.3179 	EXP 	unnamed ImageStim: image = 'meg_set1/m3-35-v1.tif'
1642.5169 	EXP 	unnamed ImageStim: image = 'meg_set1/m2-21-v1.tif'
1646.2658 	EXP 	unnamed ImageStim: image = 'meg_set1/m2-23-v1.tif'
1649.7980 	EXP 	unnamed ImageStim: image = 'meg_set1/m2-24-v1.tif'
1653.3636 	EXP 	unnamed ImageStim: image = 'meg_set1/m3-33-v1.tif'
1657.0792 	EXP 	unnamed ImageStim: image = 'meg_set1/m2-22-v1.tif'
1660.2949 	EXP 	unnamed ImageStim: image = 'meg_set1/m1-13-v1.tif'
1664.0104 	EXP 	unnamed ImageStim: image = 'meg_set1/m2-21-v1.tif'
1667.6760 	EXP 	unnamed ImageStim: image = 'meg_set1/m2-24-v1.tif'
1671.1583 	EXP 	unnamed ImageStim: image = 'meg_set1/m3-33-v1.tif'
1674.4739 	EXP 	unnamed ImageStim: image = 'meg_set1/m3-35-v1.tif'
1677.6397 	EXP 	unnamed ImageStim: image = 'meg_set1/m3-31-v1.tif'
1681.0553 	EXP 	unnamed ImageStim: image = 'meg_set1/m1-16-v1.tif'
1684.7709 	EXP 	unnamed ImageStim: image = 'meg_set1/m1-12-v1.tif'
1688.2198 	EXP 	unnamed ImageStim: image = 'meg_set1/m2-23-v1.tif'
1691.7354 	EXP 	unnamed ImageStim: image = 'meg_set1/m1-14-v1.tif'
1695.0011 	EXP 	unnamed ImageStim: image = 'meg_set1/m3-36-v1.tif'
1698.2668 	EXP 	unnamed ImageStim: image = 'meg_set1/m2-22-v1.tif'
1701.7157 	EXP 	unnamed ImageStim: image = 'meg_set1/m2-21-v1.tif'
1705.3313 	EXP 	unnamed ImageStim: image = 'meg_set1/m3-33-v1.tif'
1708.8636 	EXP 	unnamed ImageStim: image = 'meg_set1/m1-14-v1.tif'
1712.3792 	EXP 	unnamed ImageStim: image = 'meg_set1/m3-36-v1.tif'
1715.5449 	EXP 	unnamed ImageStim: image = 'meg_set1/m1-16-v1.tif'
1718.8606 	EXP 	unnamed ImageStim: image = 'meg_set1/m2-23-v1.tif'
1722.4761 	EXP 	unnamed ImageStim: image = 'meg_set1/m1-12-v1.tif'
1725.8585 	EXP 	unnamed ImageStim: image = 'meg_set1/m3-31-v1.tif'
1729.5240 	EXP 	unnamed ImageStim: image = 'meg_set1/m1-13-v1.tif'
1732.7730 	EXP 	unnamed ImageStim: image = 'meg_set1/m2-24-v1.tif'
1736.4219 	EXP 	unnamed ImageStim: image = 'meg_set1/m3-35-v1.tif'
1821.6269 	DATA 	Keypress: space
1821.6796 	EXP 	unnamed ImageStim: image = 'meg_set1/m1-16-v1.tif'
1825.0452 	EXP 	unnamed ImageStim: image = 'meg_set1/m1-14-v1.tif'
1828.2109 	EXP 	unnamed ImageStim: image = 'meg_set1/m1-12-v1.tif'
1831.9431 	EXP 	unnamed ImageStim: image = 'meg_set1/m1-13-v1.tif'
1835.3421 	EXP 	unnamed ImageStim: image = 'meg_set1/m2-23-v1.tif'
1838.9577 	EXP 	unnamed ImageStim: image = 'meg_set1/m2-21-v1.tif'
1842.2234 	EXP 	unnamed ImageStim: image = 'meg_set1/m2-24-v1.tif'
1845.4224 	EXP 	unnamed ImageStim: image = 'meg_set1/m3-31-v1.tif'
1848.9380 	EXP 	unnamed ImageStim: image = 'meg_set1/m3-35-v1.tif'
1852.1704 	EXP 	unnamed ImageStim: image = 'meg_set1/m3-36-v1.tif'
1855.6693 	EXP 	unnamed ImageStim: image = 'meg_set1/m3-33-v1.tif'
1859.1183 	EXP 	unnamed ImageStim: image = 'meg_set1/m2-22-v1.tif'
1862.8671 	EXP 	unnamed ImageStim: image = 'meg_set1/m3-35-v1.tif'
1866.0329 	EXP 	unnamed ImageStim: image = 'meg_set1/m2-21-v1.tif'
1869.3152 	EXP 	unnamed ImageStim: image = 'meg_set1/m3-31-v1.tif'
1872.8975 	EXP 	unnamed ImageStim: image = 'meg_set1/m3-33-v1.tif'
1876.5630 	EXP 	unnamed ImageStim: image = 'meg_set1/m2-22-v1.tif'
1880.1619 	EXP 	unnamed ImageStim: image = 'meg_set1/m2-23-v1.tif'
1883.5776 	EXP 	unnamed ImageStim: image = 'meg_set1/m1-13-v1.tif'
1886.9599 	EXP 	unnamed ImageStim: image = 'meg_set1/m1-12-v1.tif'
1890.2089 	EXP 	unnamed ImageStim: image = 'meg_set1/m3-36-v1.tif'
1893.6745 	EXP 	unnamed ImageStim: image = 'meg_set1/m2-24-v1.tif'
1897.0902 	EXP 	unnamed ImageStim: image = 'meg_set1/m1-14-v1.tif'
1900.4725 	EXP 	unnamed ImageStim: image = 'meg_set1/m1-16-v1.tif'
1903.7548 	EXP 	unnamed ImageStim: image = 'meg_set1/m1-13-v1.tif'
1907.3871 	EXP 	unnamed ImageStim: image = 'meg_set1/m3-35-v1.tif'
1911.0859 	EXP 	unnamed ImageStim: image = 'meg_set1/m1-14-v1.tif'
1914.6682 	EXP 	unnamed ImageStim: image = 'meg_set1/m1-12-v1.tif'
1917.9006 	EXP 	unnamed ImageStim: image = 'meg_set1/m2-24-v1.tif'
1921.4828 	EXP 	unnamed ImageStim: image = 'meg_set1/m3-33-v1.tif'
1924.8818 	EXP 	unnamed ImageStim: image = 'meg_set1/m2-23-v1.tif'
1928.4807 	EXP 	unnamed ImageStim: image = 'meg_set1/m1-16-v1.tif'
1932.1463 	EXP 	unnamed ImageStim: image = 'meg_set1/m2-21-v1.tif'
1935.3286 	EXP 	unnamed ImageStim: image = 'meg_set1/m2-22-v1.tif'
1938.7443 	EXP 	unnamed ImageStim: image = 'meg_set1/m3-36-v1.tif'
1942.0100 	EXP 	unnamed ImageStim: image = 'meg_set1/m3-31-v1.tif'
1945.4922 	EXP 	unnamed ImageStim: image = 'meg_set1/m1-13-v1.tif'
1948.7912 	EXP 	unnamed ImageStim: image = 'meg_set1/m3-33-v1.tif'
1952.1569 	EXP 	unnamed ImageStim: image = 'meg_set1/m3-35-v1.tif'
1955.4392 	EXP 	unnamed ImageStim: image = 'meg_set1/m1-14-v1.tif'
1958.7049 	EXP 	unnamed ImageStim: image = 'meg_set1/m1-12-v1.tif'
1961.9040 	EXP 	unnamed ImageStim: image = 'meg_set1/m1-16-v1.tif'
1965.4196 	EXP 	unnamed ImageStim: image = 'meg_set1/m3-31-v1.tif'
1969.0185 	EXP 	unnamed ImageStim: image = 'meg_set1/m3-36-v1.tif'
1972.4008 	EXP 	unnamed ImageStim: image = 'meg_set1/m2-22-v1.tif'
1976.1663 	EXP 	unnamed ImageStim: image = 'meg_set1/m2-24-v1.tif'
1979.5153 	EXP 	unnamed ImageStim: image = 'meg_set1/m2-21-v1.tif'
1982.9809 	EXP 	unnamed ImageStim: image = 'meg_set1/m2-23-v1.tif'
1986.4299 	EXP 	unnamed ImageStim: image = 'meg_set1/m2-21-v1.tif'
1989.7456 	EXP 	unnamed ImageStim: image = 'meg_set1/m3-36-v1.tif'
1993.3445 	EXP 	unnamed ImageStim: image = 'meg_set1/m1-16-v1.tif'
1996.9934 	EXP 	unnamed ImageStim: image = 'meg_set1/m3-35-v1.tif'
2000.5923 	EXP 	unnamed ImageStim: image = 'meg_set1/m3-31-v1.tif'
2004.2245 	EXP 	unnamed ImageStim: image = 'meg_set1/m2-22-v1.tif'
2007.5402 	EXP 	unnamed ImageStim: image = 'meg_set1/m2-23-v1.tif'
2011.2391 	EXP 	unnamed ImageStim: image = 'meg_set1/m3-33-v1.tif'
2014.8713 	EXP 	unnamed ImageStim: image = 'meg_set1/m1-12-v1.tif'
2018.2036 	EXP 	unnamed ImageStim: image = 'meg_set1/m1-13-v1.tif'
2021.3860 	EXP 	unnamed ImageStim: image = 'meg_set1/m2-24-v1.tif'
2025.0682 	EXP 	unnamed ImageStim: image = 'meg_set1/m1-14-v1.tif'
2028.7671 	EXP 	unnamed ImageStim: image = 'meg_set1/m1-13-v1.tif'
2032.0661 	EXP 	unnamed ImageStim: image = 'meg_set1/m1-14-v1.tif'
2035.3151 	EXP 	unnamed ImageStim: image = 'meg_set1/m2-24-v1.tif'
2038.5642 	EXP 	unnamed ImageStim: image = 'meg_set1/m2-21-v1.tif'
2042.2464 	EXP 	unnamed ImageStim: image = 'meg_set1/m2-23-v1.tif'
2045.7453 	EXP 	unnamed ImageStim: image = 'meg_set1/m3-33-v1.tif'
2049.0443 	EXP 	unnamed ImageStim: image = 'meg_set1/m2-22-v1.tif'
2052.5766 	EXP 	unnamed ImageStim: image = 'meg_set1/m3-31-v1.tif'
2056.2089 	EXP 	unnamed ImageStim: image = 'meg_set1/m3-35-v1.tif'
2059.3912 	EXP 	unnamed ImageStim: image = 'meg_set1/m3-36-v1.tif'
2062.9901 	EXP 	unnamed ImageStim: image = 'meg_set1/m1-16-v1.tif'
2066.2391 	EXP 	unnamed ImageStim: image = 'meg_set1/m1-12-v1.tif'
2069.8881 	EXP 	unnamed ImageStim: image = 'meg_set1/m2-24-v1.tif'
2073.1704 	EXP 	unnamed ImageStim: image = 'meg_set1/m2-21-v1.tif'
2076.7027 	EXP 	unnamed ImageStim: image = 'meg_set1/m2-22-v1.tif'
2080.2683 	EXP 	unnamed ImageStim: image = 'meg_set1/m1-12-v1.tif'
2083.8505 	EXP 	unnamed ImageStim: image = 'meg_set1/m3-35-v1.tif'
2087.3828 	EXP 	unnamed ImageStim: image = 'meg_set1/m3-31-v1.tif'
2090.9984 	EXP 	unnamed ImageStim: image = 'meg_set1/m3-36-v1.tif'
2094.1807 	EXP 	unnamed ImageStim: image = 'meg_set1/m3-33-v1.tif'
2097.5297 	EXP 	unnamed ImageStim: image = 'meg_set1/m2-23-v1.tif'
2101.0287 	EXP 	unnamed ImageStim: image = 'meg_set1/m1-13-v1.tif'
2104.3443 	EXP 	unnamed ImageStim: image = 'meg_set1/m1-14-v1.tif'
2107.5600 	EXP 	unnamed ImageStim: image = 'meg_set1/m1-16-v1.tif'
2111.2089 	EXP 	unnamed ImageStim: image = 'meg_set1/m1-13-v1.tif'
2114.3913 	EXP 	unnamed ImageStim: image = 'meg_set1/m2-21-v1.tif'
2117.7570 	EXP 	unnamed ImageStim: image = 'meg_set1/m1-14-v1.tif'
2121.4059 	EXP 	unnamed ImageStim: image = 'meg_set1/m1-16-v1.tif'
2125.1380 	EXP 	unnamed ImageStim: image = 'meg_set1/m2-23-v1.tif'
2128.3538 	EXP 	unnamed ImageStim: image = 'meg_set1/m3-31-v1.tif'
2131.5195 	EXP 	unnamed ImageStim: image = 'meg_set1/m2-24-v1.tif'
2134.7352 	EXP 	unnamed ImageStim: image = 'meg_set1/m2-22-v1.tif'
2138.2674 	EXP 	unnamed ImageStim: image = 'meg_set1/m3-33-v1.tif'
2141.5831 	EXP 	unnamed ImageStim: image = 'meg_set1/m3-36-v1.tif'
2145.0987 	EXP 	unnamed ImageStim: image = 'meg_set1/m3-35-v1.tif'
2148.3977 	EXP 	unnamed ImageStim: image = 'meg_set1/m1-12-v1.tif'
2151.8966 	EXP 	unnamed ImageStim: image = 'meg_set1/m2-24-v1.tif'
2155.5289 	EXP 	unnamed ImageStim: image = 'meg_set1/m1-14-v1.tif'
2159.1611 	EXP 	unnamed ImageStim: image = 'meg_set1/m3-31-v1.tif'
2162.3935 	EXP 	unnamed ImageStim: image = 'meg_set1/m1-12-v1.tif'
2166.0590 	EXP 	unnamed ImageStim: image = 'meg_set1/m2-22-v1.tif'
2169.6413 	EXP 	unnamed ImageStim: image = 'meg_set1/m2-21-v1.tif'
2173.0903 	EXP 	unnamed ImageStim: image = 'meg_set1/m2-23-v1.tif'
2176.4892 	EXP 	unnamed ImageStim: image = 'meg_set1/m1-16-v1.tif'
2180.1382 	EXP 	unnamed ImageStim: image = 'meg_set1/m3-36-v1.tif'
2183.8870 	EXP 	unnamed ImageStim: image = 'meg_set1/m1-13-v1.tif'
2187.2193 	EXP 	unnamed ImageStim: image = 'meg_set1/m3-33-v1.tif'
2190.4517 	EXP 	unnamed ImageStim: image = 'meg_set1/m3-35-v1.tif'
2194.0673 	EXP 	unnamed ImageStim: image = 'meg_set1/m3-35-v1.tif'
2197.7828 	EXP 	unnamed ImageStim: image = 'meg_set1/m1-12-v1.tif'
2201.4650 	EXP 	unnamed ImageStim: image = 'meg_set1/m1-14-v1.tif'
2204.7640 	EXP 	unnamed ImageStim: image = 'meg_set1/m3-33-v1.tif'
2208.3796 	EXP 	unnamed ImageStim: image = 'meg_set1/m1-13-v1.tif'
2211.5620 	EXP 	unnamed ImageStim: image = 'meg_set1/m2-21-v1.tif'
2215.2776 	EXP 	unnamed ImageStim: image = 'meg_set1/m3-31-v1.tif'
2218.5599 	EXP 	unnamed ImageStim: image = 'meg_set1/m2-23-v1.tif'
2221.8422 	EXP 	unnamed ImageStim: image = 'meg_set1/m2-24-v1.tif'
2225.2412 	EXP 	unnamed ImageStim: image = 'meg_set1/m1-16-v1.tif'
2228.6568 	EXP 	unnamed ImageStim: image = 'meg_set1/m2-22-v1.tif'
2232.0725 	EXP 	unnamed ImageStim: image = 'meg_set1/m3-36-v1.tif'
2235.6881 	EXP 	unnamed TextStim: text = "Das war's! Insgesamt hast du 0.00 Euro verdient.\nVielen Dank fr deine Teilnahme."
2251.9578 	DATA 	Keypress: space
2251.9610 	EXP 	window1: mouseVisible = True
