3.6065 	INFO 	Loaded monitor calibration from ['2019_12_03 18:24']
3.6084 	WARNING 	Requested an unavailable screen number - using first available.
4.3483 	EXP 	Created window1 = Window(allowGUI=True, allowStencil=False, args=UNKNOWN, autoLog=True, bitsMode=UNKNOWN, blendMode='avg', color=array([-0.9, -0.9, -0.9]), colorSpace='rgb', fullscr=<method-wrapper '__getattribute__' of attributeSetter object at 0x7f5db7a4dbe0>, gamma=None, kwargs=UNKNOWN, lms=UNKNOWN, monitor=<psychopy.monitors.calibTools.Monitor object at 0x7f5dad51d630>, multiSample=False, name='window1', numSamples=2, pos=[0.0, 0.0], screen=1, size=array([1280, 1024]), stereo=False, units='pix', useFBO=False, useRetina=False, viewOri=0.0, viewPos=None, viewScale=None, waitBlanking=True, winType='pyglet')
4.3484 	INFO 	Mouse: using default window
4.4441 	EXP 	Created unnamed TextStim = TextStim(__class__=<class 'psychopy.visual.text.TextStim'>, alignHoriz='center', alignVert='center', antialias=True, autoLog=True, bold=False, color=array([0.85, 0.85, 0.85]), colorSpace='rgb', contrast=1.0, depth=0, flipHoriz=False, flipVert=False, font='', fontFiles=[], height=20, italic=False, languageStyle='LTR', name='unnamed TextStim', opacity=1.0, ori=0.0, pos=array([0., 0.]), rgb=array([0.85, 0.85, 0.85]), text=str(...), units='pix', win=Window(...), wrapWidth=1280)
4.4687 	EXP 	Created unnamed TextStim = TextStim(__class__=<class 'psychopy.visual.text.TextStim'>, alignHoriz='center', alignVert='center', antialias=True, autoLog=True, bold=False, color=array([0.85, 0.85, 0.85]), colorSpace='rgb', contrast=1.0, depth=0, flipHoriz=False, flipVert=False, font='', fontFiles=[], height=20, italic=False, languageStyle='LTR', name='unnamed TextStim', opacity=1.0, ori=0.0, pos=array([0., 0.]), rgb=array([0.85, 0.85, 0.85]), text=str(...), units='pix', win=Window(...), wrapWidth=1280)
4.4843 	EXP 	Created unnamed TextStim = TextStim(__class__=<class 'psychopy.visual.text.TextStim'>, alignHoriz='center', alignVert='center', antialias=True, autoLog=True, bold=False, color=array([0.85, 0.85, 0.85]), colorSpace='rgb', contrast=1.0, depth=0, flipHoriz=False, flipVert=False, font='', fontFiles=[], height=20, italic=False, languageStyle='LTR', name='unnamed TextStim', opacity=1.0, ori=0.0, pos=array([0., 0.]), rgb=array([0.85, 0.85, 0.85]), text=str(...), units='pix', win=Window(...), wrapWidth=1280)
4.5079 	EXP 	Created unnamed ImageStim = ImageStim(__class__=<class 'psychopy.visual.image.ImageStim'>, autoLog=True, color=array([1., 1., 1.]), colorSpace='rgb', contrast=-1.0, depth=0, flipHoriz=False, flipVert=False, image='smiley.png', interpolate=False, mask=None, maskParams=None, name='unnamed ImageStim', opacity=1.0, ori=0.0, pos=array([0., 0.]), size=array([100, 100]), texRes=128, units='pix', win=Window(...))
4.5103 	EXP 	Created unnamed ImageStim = ImageStim(__class__=<class 'psychopy.visual.image.ImageStim'>, autoLog=True, color=array([1., 1., 1.]), colorSpace='rgb', contrast=-1.0, depth=0, flipHoriz=False, flipVert=False, image='frowny.png', interpolate=False, mask=None, maskParams=None, name='unnamed ImageStim', opacity=1.0, ori=0.0, pos=array([0., 0.]), size=array([100, 100]), texRes=128, units='pix', win=Window(...))
4.5127 	EXP 	Created unnamed Rect = Rect(__class__=<class 'psychopy.visual.rect.Rect'>, autoDraw=False, autoLog=True, closeShape=True, color=method-wrapper(...), colorSpace=None, contrast=1.0, depth=0, fillColor=array([0.85, 0.85, 0.85]), fillColorSpace='rgb', fillRGB=array([0.85, 0.85, 0.85]), interpolate=True, lineColor=array([0.85, 0.85, 0.85]), lineColorSpace='rgb', lineRGB=array([0.85, 0.85, 0.85]), lineWidth=1.5, name='unnamed Rect', opacity=1.0, ori=array(0.), pos=array([-500., -200.]), size=array([1., 1.]), units='pix', vertices=ndarray(...), win=Window(...))
4.5145 	EXP 	Created unnamed Rect = Rect(__class__=<class 'psychopy.visual.rect.Rect'>, autoDraw=False, autoLog=True, closeShape=True, color=method-wrapper(...), colorSpace=None, contrast=1.0, depth=0, fillColor=array([0.85, 0.85, 0.85]), fillColorSpace='rgb', fillRGB=array([0.85, 0.85, 0.85]), interpolate=True, lineColor=array([0.85, 0.85, 0.85]), lineColorSpace='rgb', lineRGB=array([0.85, 0.85, 0.85]), lineWidth=1.5, name='unnamed Rect', opacity=1.0, ori=array(0.), pos=array([-500., -200.]), size=array([1., 1.]), units='pix', vertices=ndarray(...), win=Window(...))
4.5164 	EXP 	Created unnamed Rect = Rect(__class__=<class 'psychopy.visual.rect.Rect'>, autoDraw=False, autoLog=True, closeShape=True, color=method-wrapper(...), colorSpace=None, contrast=1.0, depth=0, fillColor=array([0.85, 0.85, 0.85]), fillColorSpace='rgb', fillRGB=array([0.85, 0.85, 0.85]), interpolate=True, lineColor=array([0.85, 0.85, 0.85]), lineColorSpace='rgb', lineRGB=array([0.85, 0.85, 0.85]), lineWidth=1.5, name='unnamed Rect', opacity=1.0, ori=array(0.), pos=array([ 500., -200.]), size=array([1., 1.]), units='pix', vertices=ndarray(...), win=Window(...))
4.5208 	EXP 	Created unnamed ImageStim = ImageStim(__class__=<class 'psychopy.visual.image.ImageStim'>, autoLog=True, color=array([1., 1., 1.]), colorSpace='rgb', contrast=1.0, depth=0, flipHoriz=False, flipVert=False, image='meg_set2/f3-310-v1.tif', interpolate=False, mask=None, maskParams=None, name='unnamed ImageStim', opacity=1.0, ori=0.0, pos=array([0., 0.]), size=array([240., 270.]), texRes=128, units='pix', win=Window(...))
4.5245 	EXP 	Created unnamed Circle = Circle(__class__=<class 'psychopy.visual.circle.Circle'>, autoDraw=False, autoLog=True, closeShape=True, color=method-wrapper(...), colorSpace=None, contrast=1.0, depth=0, fillColor='white', fillColorSpace='named', fillRGB=array([255., 255., 255.]), interpolate=True, lineColor='white', lineColorSpace='named', lineRGB=array([255., 255., 255.]), lineWidth=1.5, name='unnamed Circle', opacity=1.0, ori=array(0.), pos=array([0., 0.]), size=array([24., 24.]), units='pix', vertices=ndarray(...), win=Window(...))
4.5263 	EXP 	Created unnamed Rect = Rect(__class__=<class 'psychopy.visual.rect.Rect'>, autoDraw=False, autoLog=True, closeShape=True, color=method-wrapper(...), colorSpace=None, contrast=1.0, depth=0, fillColor=array([-0.9, -0.9, -0.9]), fillColorSpace='rgb', fillRGB=array([-0.9, -0.9, -0.9]), interpolate=True, lineColor=array([-0.9, -0.9, -0.9]), lineColorSpace='rgb', lineRGB=array([-0.9, -0.9, -0.9]), lineWidth=1.5, name='unnamed Rect', opacity=1.0, ori=array(0.), pos=array([0., 0.]), size=array([1., 1.]), units='pix', vertices=ndarray(...), win=Window(...))
4.5281 	EXP 	Created unnamed Rect = Rect(__class__=<class 'psychopy.visual.rect.Rect'>, autoDraw=False, autoLog=True, closeShape=True, color=method-wrapper(...), colorSpace=None, contrast=1.0, depth=0, fillColor=array([-0.9, -0.9, -0.9]), fillColorSpace='rgb', fillRGB=array([-0.9, -0.9, -0.9]), interpolate=True, lineColor=array([-0.9, -0.9, -0.9]), lineColorSpace='rgb', lineRGB=array([-0.9, -0.9, -0.9]), lineWidth=1.5, name='unnamed Rect', opacity=1.0, ori=array(0.), pos=array([0., 0.]), size=array([1., 1.]), units='pix', vertices=ndarray(...), win=Window(...))
4.5310 	EXP 	Created unnamed Circle = Circle(__class__=<class 'psychopy.visual.circle.Circle'>, autoDraw=False, autoLog=True, closeShape=True, color=method-wrapper(...), colorSpace=None, contrast=1.0, depth=0, fillColor='white', fillColorSpace='named', fillRGB=array([255., 255., 255.]), interpolate=True, lineColor='white', lineColorSpace='named', lineRGB=array([255., 255., 255.]), lineWidth=1.5, name='unnamed Circle', opacity=1.0, ori=array(0.), pos=array([0., 0.]), size=array([4., 4.]), units='pix', vertices=ndarray(...), win=Window(...))
4.8472 	DATA 	Keypress: space
4.8974 	EXP 	unnamed ImageStim: image = 'meg_set2/f5-510-v1.tif'
8.6963 	EXP 	unnamed ImageStim: image = 'meg_set2/f3-34-v1.tif'
12.2785 	EXP 	unnamed ImageStim: image = 'meg_set2/f4-46-v1.tif'
15.7108 	EXP 	unnamed ImageStim: image = 'meg_set2/f4-43-v1.tif'
17.3437 	EXP 	unnamed Rect: vertices = <class 'numpy.ndarray'>
17.3437 	EXP 	unnamed Rect: width = 15.0
18.0101 	EXP 	unnamed ImageStim: image = 'meg_set2/f5-54-v1.tif'
19.9929 	EXP 	unnamed Rect: vertices = <class 'numpy.ndarray'>
19.9929 	EXP 	unnamed Rect: width = 10.0
20.6593 	EXP 	unnamed ImageStim: image = 'meg_set2/f5-59-v1.tif'
22.6587 	EXP 	unnamed Rect: vertices = <class 'numpy.ndarray'>
22.6587 	EXP 	unnamed Rect: width = 15.0
23.3087 	EXP 	unnamed ImageStim: image = 'meg_set2/f3-32-v1.tif'
25.1746 	EXP 	unnamed Rect: vertices = <class 'numpy.ndarray'>
25.1746 	EXP 	unnamed Rect: width = 20.0
25.8246 	EXP 	unnamed ImageStim: image = 'meg_set2/f3-310-v1.tif'
27.8905 	EXP 	unnamed Rect: vertices = <class 'numpy.ndarray'>
27.8905 	EXP 	unnamed Rect: width = 15.0
28.5406 	EXP 	unnamed ImageStim: image = 'meg_set2/f4-45-v1.tif'
32.2729 	EXP 	unnamed ImageStim: image = 'meg_set2/f3-39-v1.tif'
34.0386 	EXP 	unnamed Rect: vertices = <class 'numpy.ndarray'>
34.0386 	EXP 	unnamed Rect: width = 20.0
34.6888 	EXP 	unnamed ImageStim: image = 'meg_set2/f4-44-v1.tif'
36.1380 	EXP 	unnamed Rect: vertices = <class 'numpy.ndarray'>
36.1380 	EXP 	unnamed Rect: width = 15.0
36.7878 	EXP 	unnamed ImageStim: image = 'meg_set2/f5-58-v1.tif'
38.2374 	EXP 	unnamed Rect: vertices = <class 'numpy.ndarray'>
38.2374 	EXP 	unnamed Rect: width = 20.0
38.8876 	EXP 	unnamed ImageStim: image = 'meg_set2/f3-39-v1.tif'
40.6533 	EXP 	unnamed Rect: vertices = <class 'numpy.ndarray'>
40.6533 	EXP 	unnamed Rect: width = 25.0
41.3035 	EXP 	unnamed ImageStim: image = 'meg_set2/f3-310-v1.tif'
44.6021 	EXP 	unnamed ImageStim: image = 'meg_set2/f5-58-v1.tif'
46.0517 	EXP 	unnamed Rect: vertices = <class 'numpy.ndarray'>
46.0517 	EXP 	unnamed Rect: width = 30.0
46.7015 	EXP 	unnamed ImageStim: image = 'meg_set2/f3-32-v1.tif'
48.3676 	EXP 	unnamed Rect: vertices = <class 'numpy.ndarray'>
48.3676 	EXP 	unnamed Rect: width = 35.0
49.0174 	EXP 	unnamed ImageStim: image = 'meg_set2/f5-59-v1.tif'
50.4337 	EXP 	unnamed Rect: vertices = <class 'numpy.ndarray'>
50.4337 	EXP 	unnamed Rect: width = 40.0
51.0835 	EXP 	unnamed ImageStim: image = 'meg_set2/f4-46-v1.tif'
53.1995 	EXP 	unnamed Rect: vertices = <class 'numpy.ndarray'>
53.1995 	EXP 	unnamed Rect: width = 35.0
53.8493 	EXP 	unnamed ImageStim: image = 'meg_set2/f5-510-v1.tif'
55.3989 	EXP 	unnamed Rect: vertices = <class 'numpy.ndarray'>
55.3989 	EXP 	unnamed Rect: width = 30.0
56.0487 	EXP 	unnamed ImageStim: image = 'meg_set2/f4-43-v1.tif'
57.5982 	EXP 	unnamed Rect: vertices = <class 'numpy.ndarray'>
57.5982 	EXP 	unnamed Rect: width = 35.0
58.2480 	EXP 	unnamed ImageStim: image = 'meg_set2/f3-34-v1.tif'
60.1974 	EXP 	unnamed Rect: vertices = <class 'numpy.ndarray'>
60.1974 	EXP 	unnamed Rect: width = 30.0
60.8472 	EXP 	unnamed ImageStim: image = 'meg_set2/f4-44-v1.tif'
62.7133 	EXP 	unnamed Rect: vertices = <class 'numpy.ndarray'>
62.7133 	EXP 	unnamed Rect: width = 25.0
63.3631 	EXP 	unnamed ImageStim: image = 'meg_set2/f4-45-v1.tif'
64.9293 	EXP 	unnamed Rect: vertices = <class 'numpy.ndarray'>
64.9293 	EXP 	unnamed Rect: width = 30.0
65.5791 	EXP 	unnamed ImageStim: image = 'meg_set2/f5-54-v1.tif'
67.3286 	EXP 	unnamed Rect: vertices = <class 'numpy.ndarray'>
67.3286 	EXP 	unnamed Rect: width = 25.0
67.9784 	EXP 	unnamed ImageStim: image = 'meg_set2/f5-58-v1.tif'
71.2941 	EXP 	unnamed ImageStim: image = 'meg_set2/f3-32-v1.tif'
74.4767 	EXP 	unnamed ImageStim: image = 'meg_set2/f4-45-v1.tif'
77.1788 	DATA 	Keypress: q
77.8404 	EXP 	window1: mouseVisible = True
