2.7277 	INFO 	Loaded monitor calibration from ['2019_07_30 17:30']
2.7335 	WARNING 	User requested fullscreen with size [1280 1024], but screen is actually [2560, 1440]. Using actual size
3.5147 	EXP 	Created window1 = Window(allowGUI=True, allowStencil=False, args=UNKNOWN, autoLog=True, bitsMode=UNKNOWN, blendMode='avg', color=array([-0.9, -0.9, -0.9]), colorSpace='rgb', fullscr=<method-wrapper '__getattribute__' of attributeSetter object at 0x7f2b0a0ca6a0>, gamma=None, kwargs=UNKNOWN, lms=UNKNOWN, monitor=<psychopy.monitors.calibTools.Monitor object at 0x7f2b0296c6d8>, multiSample=False, name='window1', numSamples=2, pos=[0.0, 0.0], screen=1, size=array([2560, 1440]), stereo=False, units='pix', useFBO=False, useRetina=False, viewOri=0.0, viewPos=None, viewScale=None, waitBlanking=True, winType='pyglet')
3.5148 	INFO 	Mouse: using default window
3.6225 	EXP 	Created unnamed TextStim = TextStim(__class__=<class 'psychopy.visual.text.TextStim'>, alignHoriz='center', alignVert='center', antialias=True, autoLog=True, bold=False, color=array([0.85, 0.85, 0.85]), colorSpace='rgb', contrast=1.0, depth=0, flipHoriz=False, flipVert=False, font='', fontFiles=[], height=20, italic=False, languageStyle='LTR', name='unnamed TextStim', opacity=1.0, ori=0.0, pos=array([0., 0.]), rgb=array([0.85, 0.85, 0.85]), text=str(...), units='pix', win=Window(...), wrapWidth=2560)
3.6372 	EXP 	Created unnamed TextStim = TextStim(__class__=<class 'psychopy.visual.text.TextStim'>, alignHoriz='center', alignVert='center', antialias=True, autoLog=True, bold=False, color=array([0.85, 0.85, 0.85]), colorSpace='rgb', contrast=1.0, depth=0, flipHoriz=False, flipVert=False, font='', fontFiles=[], height=20, italic=False, languageStyle='LTR', name='unnamed TextStim', opacity=1.0, ori=0.0, pos=array([0., 0.]), rgb=array([0.85, 0.85, 0.85]), text=str(...), units='pix', win=Window(...), wrapWidth=2560)
3.6468 	EXP 	Created unnamed TextStim = TextStim(__class__=<class 'psychopy.visual.text.TextStim'>, alignHoriz='center', alignVert='center', antialias=True, autoLog=True, bold=False, color=array([0.85, 0.85, 0.85]), colorSpace='rgb', contrast=1.0, depth=0, flipHoriz=False, flipVert=False, font='', fontFiles=[], height=20, italic=False, languageStyle='LTR', name='unnamed TextStim', opacity=1.0, ori=0.0, pos=array([0., 0.]), rgb=array([0.85, 0.85, 0.85]), text=str(...), units='pix', win=Window(...), wrapWidth=2560)
3.6694 	EXP 	Created unnamed ImageStim = ImageStim(__class__=<class 'psychopy.visual.image.ImageStim'>, autoLog=True, color=array([1., 1., 1.]), colorSpace='rgb', contrast=-1.0, depth=0, flipHoriz=False, flipVert=False, image='smiley.png', interpolate=False, mask=None, maskParams=None, name='unnamed ImageStim', opacity=1.0, ori=0.0, pos=array([0., 0.]), size=array([100, 100]), texRes=128, units='pix', win=Window(...))
3.6712 	EXP 	Created unnamed ImageStim = ImageStim(__class__=<class 'psychopy.visual.image.ImageStim'>, autoLog=True, color=array([1., 1., 1.]), colorSpace='rgb', contrast=-1.0, depth=0, flipHoriz=False, flipVert=False, image='frowny.png', interpolate=False, mask=None, maskParams=None, name='unnamed ImageStim', opacity=1.0, ori=0.0, pos=array([0., 0.]), size=array([100, 100]), texRes=128, units='pix', win=Window(...))
3.6728 	EXP 	Created unnamed Rect = Rect(__class__=<class 'psychopy.visual.rect.Rect'>, autoDraw=False, autoLog=True, closeShape=True, color=method-wrapper(...), colorSpace=None, contrast=1.0, depth=0, fillColor=array([0.85, 0.85, 0.85]), fillColorSpace='rgb', fillRGB=array([0.85, 0.85, 0.85]), interpolate=True, lineColor=array([0.85, 0.85, 0.85]), lineColorSpace='rgb', lineRGB=array([0.85, 0.85, 0.85]), lineWidth=1.5, name='unnamed Rect', opacity=1.0, ori=array(0.), pos=array([-500., -200.]), size=array([1., 1.]), units='pix', vertices=ndarray(...), win=Window(...))
3.6740 	EXP 	Created unnamed Rect = Rect(__class__=<class 'psychopy.visual.rect.Rect'>, autoDraw=False, autoLog=True, closeShape=True, color=method-wrapper(...), colorSpace=None, contrast=1.0, depth=0, fillColor=array([0.85, 0.85, 0.85]), fillColorSpace='rgb', fillRGB=array([0.85, 0.85, 0.85]), interpolate=True, lineColor=array([0.85, 0.85, 0.85]), lineColorSpace='rgb', lineRGB=array([0.85, 0.85, 0.85]), lineWidth=1.5, name='unnamed Rect', opacity=1.0, ori=array(0.), pos=array([-500., -200.]), size=array([1., 1.]), units='pix', vertices=ndarray(...), win=Window(...))
3.6752 	EXP 	Created unnamed Rect = Rect(__class__=<class 'psychopy.visual.rect.Rect'>, autoDraw=False, autoLog=True, closeShape=True, color=method-wrapper(...), colorSpace=None, contrast=1.0, depth=0, fillColor=array([0.85, 0.85, 0.85]), fillColorSpace='rgb', fillRGB=array([0.85, 0.85, 0.85]), interpolate=True, lineColor=array([0.85, 0.85, 0.85]), lineColorSpace='rgb', lineRGB=array([0.85, 0.85, 0.85]), lineWidth=1.5, name='unnamed Rect', opacity=1.0, ori=array(0.), pos=array([ 500., -200.]), size=array([1., 1.]), units='pix', vertices=ndarray(...), win=Window(...))
3.6781 	EXP 	Created unnamed ImageStim = ImageStim(__class__=<class 'psychopy.visual.image.ImageStim'>, autoLog=True, color=array([1., 1., 1.]), colorSpace='rgb', contrast=1.0, depth=0, flipHoriz=False, flipVert=False, image='meg_set2/f3-310-v1.tif', interpolate=False, mask=None, maskParams=None, name='unnamed ImageStim', opacity=1.0, ori=0.0, pos=array([0., 0.]), size=array([240., 270.]), texRes=128, units='pix', win=Window(...))
3.6803 	EXP 	Created unnamed Circle = Circle(__class__=<class 'psychopy.visual.circle.Circle'>, autoDraw=False, autoLog=True, closeShape=True, color=method-wrapper(...), colorSpace=None, contrast=1.0, depth=0, fillColor='white', fillColorSpace='named', fillRGB=array([255., 255., 255.]), interpolate=True, lineColor='white', lineColorSpace='named', lineRGB=array([255., 255., 255.]), lineWidth=1.5, name='unnamed Circle', opacity=1.0, ori=array(0.), pos=array([0., 0.]), size=array([24., 24.]), units='pix', vertices=ndarray(...), win=Window(...))
3.6815 	EXP 	Created unnamed Rect = Rect(__class__=<class 'psychopy.visual.rect.Rect'>, autoDraw=False, autoLog=True, closeShape=True, color=method-wrapper(...), colorSpace=None, contrast=1.0, depth=0, fillColor=array([-0.9, -0.9, -0.9]), fillColorSpace='rgb', fillRGB=array([-0.9, -0.9, -0.9]), interpolate=True, lineColor=array([-0.9, -0.9, -0.9]), lineColorSpace='rgb', lineRGB=array([-0.9, -0.9, -0.9]), lineWidth=1.5, name='unnamed Rect', opacity=1.0, ori=array(0.), pos=array([0., 0.]), size=array([1., 1.]), units='pix', vertices=ndarray(...), win=Window(...))
3.6827 	EXP 	Created unnamed Rect = Rect(__class__=<class 'psychopy.visual.rect.Rect'>, autoDraw=False, autoLog=True, closeShape=True, color=method-wrapper(...), colorSpace=None, contrast=1.0, depth=0, fillColor=array([-0.9, -0.9, -0.9]), fillColorSpace='rgb', fillRGB=array([-0.9, -0.9, -0.9]), interpolate=True, lineColor=array([-0.9, -0.9, -0.9]), lineColorSpace='rgb', lineRGB=array([-0.9, -0.9, -0.9]), lineWidth=1.5, name='unnamed Rect', opacity=1.0, ori=array(0.), pos=array([0., 0.]), size=array([1., 1.]), units='pix', vertices=ndarray(...), win=Window(...))
3.6842 	EXP 	Created unnamed Circle = Circle(__class__=<class 'psychopy.visual.circle.Circle'>, autoDraw=False, autoLog=True, closeShape=True, color=method-wrapper(...), colorSpace=None, contrast=1.0, depth=0, fillColor='white', fillColorSpace='named', fillRGB=array([255., 255., 255.]), interpolate=True, lineColor='white', lineColorSpace='named', lineRGB=array([255., 255., 255.]), lineWidth=1.5, name='unnamed Circle', opacity=1.0, ori=array(0.), pos=array([0., 0.]), size=array([4., 4.]), units='pix', vertices=ndarray(...), win=Window(...))
4.1244 	DATA 	Keypress: space
4.1354 	EXP 	unnamed ImageStim: image = 'meg_set2/f4-45-v1.tif'
6.1565 	DATA 	Keypress: m
6.1599 	EXP 	unnamed Rect: vertices = <class 'numpy.ndarray'>
6.1599 	EXP 	unnamed Rect: width = 15.0
6.6820 	EXP 	unnamed ImageStim: image = 'meg_set2/f5-510-v1.tif'
9.7244 	DATA 	Keypress: m
9.7266 	EXP 	unnamed Rect: vertices = <class 'numpy.ndarray'>
9.7266 	EXP 	unnamed Rect: width = 10.0
10.2431 	EXP 	unnamed ImageStim: image = 'meg_set2/f4-43-v1.tif'
13.2284 	DATA 	Keypress: m
13.2304 	EXP 	unnamed Rect: vertices = <class 'numpy.ndarray'>
13.2304 	EXP 	unnamed Rect: width = 5.0
13.2304 	EXP 	unnamed Rect: vertices = <class 'numpy.ndarray'>
13.2304 	EXP 	unnamed Rect: width = 10
13.7539 	EXP 	unnamed ImageStim: image = 'meg_set2/f5-58-v1.tif'
16.0766 	DATA 	Keypress: m
16.0785 	EXP 	unnamed Rect: vertices = <class 'numpy.ndarray'>
16.0785 	EXP 	unnamed Rect: width = 15.0
16.5933 	EXP 	unnamed ImageStim: image = 'meg_set2/f3-34-v1.tif'
18.5725 	DATA 	Keypress: m
18.5744 	EXP 	unnamed Rect: vertices = <class 'numpy.ndarray'>
18.5744 	EXP 	unnamed Rect: width = 20.0
19.0859 	EXP 	unnamed ImageStim: image = 'meg_set2/f3-32-v1.tif'
21.3565 	DATA 	Keypress: m
21.3583 	EXP 	unnamed Rect: vertices = <class 'numpy.ndarray'>
21.3583 	EXP 	unnamed Rect: width = 25.0
21.8756 	EXP 	unnamed ImageStim: image = 'meg_set2/f5-59-v1.tif'
24.3646 	DATA 	Keypress: m
24.3664 	EXP 	unnamed Rect: vertices = <class 'numpy.ndarray'>
24.3664 	EXP 	unnamed Rect: width = 20.0
24.8839 	EXP 	unnamed ImageStim: image = 'meg_set2/f4-46-v1.tif'
27.2765 	DATA 	Keypress: m
27.2783 	EXP 	unnamed Rect: vertices = <class 'numpy.ndarray'>
27.2783 	EXP 	unnamed Rect: width = 15.0
27.7956 	EXP 	unnamed ImageStim: image = 'meg_set2/f5-54-v1.tif'
29.8367 	DATA 	Keypress: m
29.8386 	EXP 	unnamed Rect: vertices = <class 'numpy.ndarray'>
29.8386 	EXP 	unnamed Rect: width = 20.0
30.3510 	EXP 	unnamed ImageStim: image = 'meg_set2/f3-310-v1.tif'
34.3588 	EXP 	unnamed ImageStim: image = 'meg_set2/f4-44-v1.tif'
36.5408 	DATA 	Keypress: m
36.5426 	EXP 	unnamed Rect: vertices = <class 'numpy.ndarray'>
36.5426 	EXP 	unnamed Rect: width = 25.0
37.0544 	EXP 	unnamed ImageStim: image = 'meg_set2/f3-39-v1.tif'
38.8288 	DATA 	Keypress: m
38.8307 	EXP 	unnamed Rect: vertices = <class 'numpy.ndarray'>
38.8307 	EXP 	unnamed Rect: width = 20.0
39.3395 	EXP 	unnamed ImageStim: image = 'meg_set2/f4-45-v1.tif'
41.3728 	DATA 	Keypress: m
41.3746 	EXP 	unnamed Rect: vertices = <class 'numpy.ndarray'>
41.3746 	EXP 	unnamed Rect: width = 25.0
41.8862 	EXP 	unnamed ImageStim: image = 'meg_set2/f4-44-v1.tif'
45.7268 	EXP 	unnamed ImageStim: image = 'meg_set2/f3-39-v1.tif'
47.4529 	DATA 	Keypress: m
47.4562 	EXP 	unnamed Rect: vertices = <class 'numpy.ndarray'>
47.4562 	EXP 	unnamed Rect: width = 20.0
47.9715 	EXP 	unnamed ImageStim: image = 'meg_set2/f3-34-v1.tif'
50.3168 	DATA 	Keypress: m
50.3186 	EXP 	unnamed Rect: vertices = <class 'numpy.ndarray'>
50.3186 	EXP 	unnamed Rect: width = 25.0
50.8359 	EXP 	unnamed ImageStim: image = 'meg_set2/f5-510-v1.tif'
53.1488 	DATA 	Keypress: m
53.1512 	EXP 	unnamed Rect: vertices = <class 'numpy.ndarray'>
53.1512 	EXP 	unnamed Rect: width = 20.0
53.6631 	EXP 	unnamed ImageStim: image = 'meg_set2/f3-310-v1.tif'
55.9488 	DATA 	Keypress: m
55.9507 	EXP 	unnamed Rect: vertices = <class 'numpy.ndarray'>
55.9507 	EXP 	unnamed Rect: width = 15.0
56.4631 	EXP 	unnamed ImageStim: image = 'meg_set2/f5-58-v1.tif'
58.3649 	DATA 	Keypress: m
58.3668 	EXP 	unnamed Rect: vertices = <class 'numpy.ndarray'>
58.3668 	EXP 	unnamed Rect: width = 20.0
58.8781 	EXP 	unnamed ImageStim: image = 'meg_set2/f5-54-v1.tif'
60.8927 	DATA 	Keypress: m
60.8945 	EXP 	unnamed Rect: vertices = <class 'numpy.ndarray'>
60.8945 	EXP 	unnamed Rect: width = 25.0
61.4060 	EXP 	unnamed ImageStim: image = 'meg_set2/f4-46-v1.tif'
63.4528 	DATA 	Keypress: m
63.4546 	EXP 	unnamed Rect: vertices = <class 'numpy.ndarray'>
63.4546 	EXP 	unnamed Rect: width = 20.0
63.9666 	EXP 	unnamed ImageStim: image = 'meg_set2/f3-32-v1.tif'
65.9808 	DATA 	Keypress: m
65.9826 	EXP 	unnamed Rect: vertices = <class 'numpy.ndarray'>
65.9826 	EXP 	unnamed Rect: width = 25.0
66.4939 	EXP 	unnamed ImageStim: image = 'meg_set2/f4-43-v1.tif'
68.3008 	DATA 	Keypress: m
68.3040 	EXP 	unnamed Rect: vertices = <class 'numpy.ndarray'>
68.3040 	EXP 	unnamed Rect: width = 20.0
68.8249 	EXP 	unnamed ImageStim: image = 'meg_set2/f5-59-v1.tif'
70.7968 	DATA 	Keypress: m
70.7992 	EXP 	unnamed Rect: vertices = <class 'numpy.ndarray'>
70.7992 	EXP 	unnamed Rect: width = 15.0
71.3119 	EXP 	unnamed ImageStim: image = 'meg_set2/f4-44-v1.tif'
73.6769 	DATA 	Keypress: m
73.6786 	EXP 	unnamed Rect: vertices = <class 'numpy.ndarray'>
73.6786 	EXP 	unnamed Rect: width = 20.0
74.1915 	EXP 	unnamed ImageStim: image = 'meg_set2/f3-39-v1.tif'
75.9648 	DATA 	Keypress: m
75.9667 	EXP 	unnamed Rect: vertices = <class 'numpy.ndarray'>
75.9667 	EXP 	unnamed Rect: width = 15.0
76.4780 	EXP 	unnamed ImageStim: image = 'meg_set2/f5-54-v1.tif'
78.3969 	DATA 	Keypress: m
78.4004 	EXP 	unnamed Rect: vertices = <class 'numpy.ndarray'>
78.4004 	EXP 	unnamed Rect: width = 20.0
78.9127 	EXP 	unnamed ImageStim: image = 'meg_set2/f4-46-v1.tif'
79.9808 	DATA 	Keypress: q
80.3968 	DATA 	Keypress: q
80.7168 	DATA 	Keypress: q
81.1489 	DATA 	Keypress: q
81.8688 	DATA 	Keypress: q
82.3012 	DATA 	Keypress: q
82.5433 	EXP 	window1: mouseVisible = True
